{
  "stats": {
    "suites": 13,
    "tests": 72,
    "passes": 71,
    "pending": 0,
    "failures": 1,
    "start": "2020-08-29T21:15:48.414Z",
    "end": "2020-08-29T21:16:36.519Z",
    "duration": 48105,
    "testsRegistered": 72,
    "passPercent": 98.61111111111111,
    "pendingPercent": 0,
    "other": 0,
    "hasOther": false,
    "skipped": 0,
    "hasSkipped": false
  },
  "results": [
    {
      "uuid": "526a5323-bbfd-4a67-94ec-2d2a70c0c4b8",
      "title": "",
      "fullFile": "cypress/integration/relevant.spec.js",
      "file": "cypress/integration/relevant.spec.js",
      "beforeHooks": [],
      "afterHooks": [],
      "tests": [],
      "suites": [
        {
          "uuid": "51627ec1-2a37-4945-ae26-fc0487de47d6",
          "title": "Open Liferay",
          "fullFile": "",
          "file": "",
          "beforeHooks": [],
          "afterHooks": [],
          "tests": [
            {
              "title": "should open portal and sign-in",
              "fullTitle": "Open Liferay should open portal and sign-in",
              "timedOut": null,
              "duration": 3418,
              "state": "passed",
              "speed": "slow",
              "pass": true,
              "fail": false,
              "pending": false,
              "context": null,
              "code": "cy.visit('http://localhost:8080');\ncy.get('span.sign-in a').click();\ncy.get('#_com_liferay_login_web_portlet_LoginPortlet_login').clear().type('test@liferay.com');\ncy.get('#_com_liferay_login_web_portlet_LoginPortlet_password').type('test');\ncy.get('.button-holder button').click();",
              "err": {},
              "uuid": "bc3bbfac-3498-414e-a786-d83e9e16931e",
              "parentUUID": "51627ec1-2a37-4945-ae26-fc0487de47d6",
              "isHook": false,
              "skipped": false
            }
          ],
          "suites": [],
          "passes": [
            "bc3bbfac-3498-414e-a786-d83e9e16931e"
          ],
          "failures": [],
          "pending": [],
          "skipped": [],
          "duration": 3418,
          "root": false,
          "rootEmpty": false,
          "_timeout": 2000
        },
        {
          "uuid": "d9d570db-ccab-44a5-8cfe-739ffca71547",
          "title": "Object",
          "fullFile": "",
          "file": "",
          "beforeHooks": [],
          "afterHooks": [],
          "tests": [
            {
              "title": "Navigate to Object",
              "fullTitle": "Object Navigate to Object",
              "timedOut": null,
              "duration": 3611,
              "state": "passed",
              "speed": "slow",
              "pass": true,
              "fail": false,
              "pending": false,
              "context": null,
              "code": "cy.visit(_this3.constants.object);",
              "err": {},
              "uuid": "d723658c-84a8-4c3a-ac85-1b4fdd045e61",
              "parentUUID": "d9d570db-ccab-44a5-8cfe-739ffca71547",
              "isHook": false,
              "skipped": false
            },
            {
              "title": "Should delete all Objects",
              "fullTitle": "Object Should delete all Objects",
              "timedOut": null,
              "duration": 273,
              "state": "passed",
              "speed": "slow",
              "pass": true,
              "fail": false,
              "pending": false,
              "context": null,
              "code": "_this3.deleteAllObjects();",
              "err": {},
              "uuid": "47291662-44ae-48d1-b2c3-50119b07d075",
              "parentUUID": "d9d570db-ccab-44a5-8cfe-739ffca71547",
              "isHook": false,
              "skipped": false
            },
            {
              "title": "should create an custom object and go to form view",
              "fullTitle": "Object should create an custom object and go to form view",
              "timedOut": null,
              "duration": 756,
              "state": "passed",
              "speed": "slow",
              "pass": true,
              "fail": false,
              "pending": false,
              "context": null,
              "code": "_this3.createAnObject();",
              "err": {},
              "uuid": "64396a16-2f3e-4e46-881a-1e95f4f6550a",
              "parentUUID": "d9d570db-ccab-44a5-8cfe-739ffca71547",
              "isHook": false,
              "skipped": false
            }
          ],
          "suites": [
            {
              "uuid": "5f83f21a-99f6-4384-87b2-fc1cdfb147bf",
              "title": "run FormView pipeline",
              "fullFile": "",
              "file": "",
              "beforeHooks": [],
              "afterHooks": [],
              "tests": [],
              "suites": [
                {
                  "uuid": "aefdd34e-375f-4a61-a807-b603a99428e6",
                  "title": "AppBuilder - FormView",
                  "fullFile": "",
                  "file": "",
                  "beforeHooks": [],
                  "afterHooks": [],
                  "tests": [
                    {
                      "title": "Verify if title is empty and fill value",
                      "fullTitle": "Object run FormView pipeline AppBuilder - FormView Verify if title is empty and fill value",
                      "timedOut": null,
                      "duration": 5973,
                      "state": "passed",
                      "speed": "slow",
                      "pass": true,
                      "fail": false,
                      "pending": false,
                      "context": null,
                      "code": "cy.get('.app-builder-upper-toolbar').within(function () {\n  cy.get('input').should('be.empty').type(\"Liferay FormView \".concat(_this2.faker.random.number()));\n});",
                      "err": {},
                      "uuid": "8d2e1317-b549-443d-acc5-7a73571cb0e3",
                      "parentUUID": "aefdd34e-375f-4a61-a807-b603a99428e6",
                      "isHook": false,
                      "skipped": false
                    },
                    {
                      "title": "Verify if default language is en-US",
                      "fullTitle": "Object run FormView pipeline AppBuilder - FormView Verify if default language is en-US",
                      "timedOut": null,
                      "duration": 152,
                      "state": "passed",
                      "speed": "slow",
                      "pass": true,
                      "fail": false,
                      "pending": false,
                      "context": null,
                      "code": "cy.get('.localizable-dropdown .btn-section').contains(_this2.constants.languageId);",
                      "err": {},
                      "uuid": "f5b718f8-4696-4e84-872e-3dba776acb87",
                      "parentUUID": "aefdd34e-375f-4a61-a807-b603a99428e6",
                      "isHook": false,
                      "skipped": false
                    }
                  ],
                  "suites": [
                    {
                      "uuid": "feb2517c-72af-415d-a6ea-3ce7cd9290d8",
                      "title": "Sidebar Left",
                      "fullFile": "",
                      "file": "",
                      "beforeHooks": [],
                      "afterHooks": [],
                      "tests": [
                        {
                          "title": "Object name should be shown",
                          "fullTitle": "Object run FormView pipeline AppBuilder - FormView Sidebar Left Object name should be shown",
                          "timedOut": null,
                          "duration": 145,
                          "state": "passed",
                          "speed": "slow",
                          "pass": true,
                          "fail": false,
                          "pending": false,
                          "context": null,
                          "code": "cy.get('.data-layout-builder-sidebar form h3').contains(_this3.config.objectName);",
                          "err": {},
                          "uuid": "1141f2d7-97c2-477b-b15d-d3c15e2c8ca7",
                          "parentUUID": "feb2517c-72af-415d-a6ea-3ce7cd9290d8",
                          "isHook": false,
                          "skipped": false
                        },
                        {
                          "title": "Should show empty state",
                          "fullTitle": "Object run FormView pipeline AppBuilder - FormView Sidebar Left Should show empty state",
                          "timedOut": null,
                          "duration": 151,
                          "state": "passed",
                          "speed": "slow",
                          "pass": true,
                          "fail": false,
                          "pending": false,
                          "context": null,
                          "code": "cy.get('.empty.sidebar-body').should('be.visible');",
                          "err": {},
                          "uuid": "7a5de2c8-10dc-49fc-9b19-09d0906edbca",
                          "parentUUID": "feb2517c-72af-415d-a6ea-3ce7cd9290d8",
                          "isHook": false,
                          "skipped": false
                        },
                        {
                          "title": "Add Text on Sidebar",
                          "fullTitle": "Object run FormView pipeline AppBuilder - FormView Sidebar Left Add Text on Sidebar",
                          "timedOut": null,
                          "duration": 461,
                          "state": "passed",
                          "speed": "slow",
                          "pass": true,
                          "fail": false,
                          "pending": false,
                          "context": null,
                          "code": "cy.get('.custom-object-dropdown button').click();\ncy.get('.custom-object-dropdown-menu.show').within(function () {\n  cy.get('button').eq(index).click();\n});\ncy.get('.sidebar-body .custom-object-field').eq(index).contains(field);\ncy.get('div[data-field-name=\"label\"] input').should('have.value', field);",
                          "err": {},
                          "uuid": "8d88136e-a1fb-43e2-935d-45280099932f",
                          "parentUUID": "feb2517c-72af-415d-a6ea-3ce7cd9290d8",
                          "isHook": false,
                          "skipped": false
                        },
                        {
                          "title": "Add Select from List on Sidebar",
                          "fullTitle": "Object run FormView pipeline AppBuilder - FormView Sidebar Left Add Select from List on Sidebar",
                          "timedOut": null,
                          "duration": 387,
                          "state": "passed",
                          "speed": "slow",
                          "pass": true,
                          "fail": false,
                          "pending": false,
                          "context": null,
                          "code": "cy.get('.custom-object-dropdown button').click();\ncy.get('.custom-object-dropdown-menu.show').within(function () {\n  cy.get('button').eq(index).click();\n});\ncy.get('.sidebar-body .custom-object-field').eq(index).contains(field);\ncy.get('div[data-field-name=\"label\"] input').should('have.value', field);",
                          "err": {},
                          "uuid": "85b535b6-5099-4c55-b098-fc776240b922",
                          "parentUUID": "feb2517c-72af-415d-a6ea-3ce7cd9290d8",
                          "isHook": false,
                          "skipped": false
                        },
                        {
                          "title": "Add Single Selection on Sidebar",
                          "fullTitle": "Object run FormView pipeline AppBuilder - FormView Sidebar Left Add Single Selection on Sidebar",
                          "timedOut": null,
                          "duration": 400,
                          "state": "passed",
                          "speed": "slow",
                          "pass": true,
                          "fail": false,
                          "pending": false,
                          "context": null,
                          "code": "cy.get('.custom-object-dropdown button').click();\ncy.get('.custom-object-dropdown-menu.show').within(function () {\n  cy.get('button').eq(index).click();\n});\ncy.get('.sidebar-body .custom-object-field').eq(index).contains(field);\ncy.get('div[data-field-name=\"label\"] input').should('have.value', field);",
                          "err": {},
                          "uuid": "66870bc8-90d4-4f0f-91bc-66de3a3c3ed9",
                          "parentUUID": "feb2517c-72af-415d-a6ea-3ce7cd9290d8",
                          "isHook": false,
                          "skipped": false
                        },
                        {
                          "title": "Add Multiple Selection on Sidebar",
                          "fullTitle": "Object run FormView pipeline AppBuilder - FormView Sidebar Left Add Multiple Selection on Sidebar",
                          "timedOut": null,
                          "duration": 387,
                          "state": "passed",
                          "speed": "slow",
                          "pass": true,
                          "fail": false,
                          "pending": false,
                          "context": null,
                          "code": "cy.get('.custom-object-dropdown button').click();\ncy.get('.custom-object-dropdown-menu.show').within(function () {\n  cy.get('button').eq(index).click();\n});\ncy.get('.sidebar-body .custom-object-field').eq(index).contains(field);\ncy.get('div[data-field-name=\"label\"] input').should('have.value', field);",
                          "err": {},
                          "uuid": "1946fec5-c694-4616-bca7-58d6f1a9dca6",
                          "parentUUID": "feb2517c-72af-415d-a6ea-3ce7cd9290d8",
                          "isHook": false,
                          "skipped": false
                        },
                        {
                          "title": "Add Date on Sidebar",
                          "fullTitle": "Object run FormView pipeline AppBuilder - FormView Sidebar Left Add Date on Sidebar",
                          "timedOut": null,
                          "duration": 390,
                          "state": "passed",
                          "speed": "slow",
                          "pass": true,
                          "fail": false,
                          "pending": false,
                          "context": null,
                          "code": "cy.get('.custom-object-dropdown button').click();\ncy.get('.custom-object-dropdown-menu.show').within(function () {\n  cy.get('button').eq(index).click();\n});\ncy.get('.sidebar-body .custom-object-field').eq(index).contains(field);\ncy.get('div[data-field-name=\"label\"] input').should('have.value', field);",
                          "err": {},
                          "uuid": "e9fb5b5a-fb90-48be-9171-497b42c2f041",
                          "parentUUID": "feb2517c-72af-415d-a6ea-3ce7cd9290d8",
                          "isHook": false,
                          "skipped": false
                        },
                        {
                          "title": "Add Numeric on Sidebar",
                          "fullTitle": "Object run FormView pipeline AppBuilder - FormView Sidebar Left Add Numeric on Sidebar",
                          "timedOut": null,
                          "duration": 410,
                          "state": "passed",
                          "speed": "slow",
                          "pass": true,
                          "fail": false,
                          "pending": false,
                          "context": null,
                          "code": "cy.get('.custom-object-dropdown button').click();\ncy.get('.custom-object-dropdown-menu.show').within(function () {\n  cy.get('button').eq(index).click();\n});\ncy.get('.sidebar-body .custom-object-field').eq(index).contains(field);\ncy.get('div[data-field-name=\"label\"] input').should('have.value', field);",
                          "err": {},
                          "uuid": "765bee93-37f2-425d-b630-9a3edc6bd2f5",
                          "parentUUID": "feb2517c-72af-415d-a6ea-3ce7cd9290d8",
                          "isHook": false,
                          "skipped": false
                        },
                        {
                          "title": "Add Fields Group on Sidebar",
                          "fullTitle": "Object run FormView pipeline AppBuilder - FormView Sidebar Left Add Fields Group on Sidebar",
                          "timedOut": null,
                          "duration": 395,
                          "state": "passed",
                          "speed": "slow",
                          "pass": true,
                          "fail": false,
                          "pending": false,
                          "context": null,
                          "code": "cy.get('.custom-object-dropdown button').click();\ncy.get('.custom-object-dropdown-menu.show').within(function () {\n  cy.get('button').eq(index).click();\n});\ncy.get('.sidebar-body .custom-object-field').eq(index).contains(field);\ncy.get('div[data-field-name=\"label\"] input').should('have.value', field);",
                          "err": {},
                          "uuid": "5a79d7ea-baad-457c-bc17-3757ba3706d8",
                          "parentUUID": "feb2517c-72af-415d-a6ea-3ce7cd9290d8",
                          "isHook": false,
                          "skipped": false
                        },
                        {
                          "title": "Add Upload on Sidebar",
                          "fullTitle": "Object run FormView pipeline AppBuilder - FormView Sidebar Left Add Upload on Sidebar",
                          "timedOut": null,
                          "duration": 392,
                          "state": "passed",
                          "speed": "slow",
                          "pass": true,
                          "fail": false,
                          "pending": false,
                          "context": null,
                          "code": "cy.get('.custom-object-dropdown button').click();\ncy.get('.custom-object-dropdown-menu.show').within(function () {\n  cy.get('button').eq(index).click();\n});\ncy.get('.sidebar-body .custom-object-field').eq(index).contains(field);\ncy.get('div[data-field-name=\"label\"] input').should('have.value', field);",
                          "err": {},
                          "uuid": "55971d2e-139f-4939-a493-1aaac11c9f62",
                          "parentUUID": "feb2517c-72af-415d-a6ea-3ce7cd9290d8",
                          "isHook": false,
                          "skipped": false
                        },
                        {
                          "title": "Should have 8 Types on The List",
                          "fullTitle": "Object run FormView pipeline AppBuilder - FormView Sidebar Left Should have 8 Types on The List",
                          "timedOut": null,
                          "duration": 186,
                          "state": "passed",
                          "speed": "slow",
                          "pass": true,
                          "fail": false,
                          "pending": false,
                          "context": null,
                          "code": "cy.get('.sidebar-body .custom-object-field').should('have.length', _this3.constants.fieldTypes.length);",
                          "err": {},
                          "uuid": "f9a9223f-5519-4e07-8a56-28db69f45c60",
                          "parentUUID": "feb2517c-72af-415d-a6ea-3ce7cd9290d8",
                          "isHook": false,
                          "skipped": false
                        },
                        {
                          "title": "Should search for Liferay and found nothing",
                          "fullTitle": "Object run FormView pipeline AppBuilder - FormView Sidebar Left Should search for Liferay and found nothing",
                          "timedOut": null,
                          "duration": 436,
                          "state": "passed",
                          "speed": "slow",
                          "pass": true,
                          "fail": false,
                          "pending": false,
                          "context": null,
                          "code": "cy.get('.custom-object-sidebar-header').within(function () {\n  cy.get('button').eq(0).click();\n  cy.get('input').should('not.have.value').type('Liferay').should('have.value', 'Liferay').as('input-search');\n});\ncy.get('.sidebar-body .custom-object-field').should('have.length', 0);",
                          "err": {},
                          "uuid": "9237861a-d9bb-483b-a826-12f898726b20",
                          "parentUUID": "feb2517c-72af-415d-a6ea-3ce7cd9290d8",
                          "isHook": false,
                          "skipped": false
                        },
                        {
                          "title": "Should search for Text and found matching value",
                          "fullTitle": "Object run FormView pipeline AppBuilder - FormView Sidebar Left Should search for Text and found matching value",
                          "timedOut": null,
                          "duration": 356,
                          "state": "passed",
                          "speed": "slow",
                          "pass": true,
                          "fail": false,
                          "pending": false,
                          "context": null,
                          "code": "cy.get('.custom-object-sidebar-header input').clear().type(firstFieldType.name).should('have.value', firstFieldType.name);\ncy.get('.sidebar-body .custom-object-field').should('have.length', 1);",
                          "err": {},
                          "uuid": "e0d22111-c63b-42e0-bd1b-defda58d401e",
                          "parentUUID": "feb2517c-72af-415d-a6ea-3ce7cd9290d8",
                          "isHook": false,
                          "skipped": false
                        },
                        {
                          "title": "Should back to list FieldTypes",
                          "fullTitle": "Object run FormView pipeline AppBuilder - FormView Sidebar Left Should back to list FieldTypes",
                          "timedOut": null,
                          "duration": 254,
                          "state": "passed",
                          "speed": "slow",
                          "pass": true,
                          "fail": false,
                          "pending": false,
                          "context": null,
                          "code": "cy.get('.custom-object-sidebar-header').within(function () {\n  cy.get('button').eq(1).click();\n});",
                          "err": {},
                          "uuid": "ff7b17f0-143c-4389-b020-b39e3a2eb9e2",
                          "parentUUID": "feb2517c-72af-415d-a6ea-3ce7cd9290d8",
                          "isHook": false,
                          "skipped": false
                        },
                        {
                          "title": "Should remote all fields from object",
                          "fullTitle": "Object run FormView pipeline AppBuilder - FormView Sidebar Left Should remote all fields from object",
                          "timedOut": null,
                          "duration": 6278,
                          "state": "failed",
                          "speed": null,
                          "pass": false,
                          "fail": true,
                          "pending": false,
                          "context": null,
                          "code": "_this3._deleteAllFieldsFromObject();",
                          "err": {
                            "message": "AssertionError: Timed out retrying: Expected to find element: `.modal.show button.btn-primary`, but never found it.",
                            "estack": "AssertionError: Timed out retrying: Expected to find element: `.modal.show button.btn-primary`, but never found it.\n    at Context.eval (http://localhost:8080/__cypress/tests?p=cypress/integration/relevant.spec.js:476:12)",
                            "diff": null
                          },
                          "uuid": "e16c8cdf-88fc-4b9c-b665-acf9f92da3e7",
                          "parentUUID": "feb2517c-72af-415d-a6ea-3ce7cd9290d8",
                          "isHook": false,
                          "skipped": false
                        }
                      ],
                      "suites": [],
                      "passes": [
                        "1141f2d7-97c2-477b-b15d-d3c15e2c8ca7",
                        "7a5de2c8-10dc-49fc-9b19-09d0906edbca",
                        "8d88136e-a1fb-43e2-935d-45280099932f",
                        "85b535b6-5099-4c55-b098-fc776240b922",
                        "66870bc8-90d4-4f0f-91bc-66de3a3c3ed9",
                        "1946fec5-c694-4616-bca7-58d6f1a9dca6",
                        "e9fb5b5a-fb90-48be-9171-497b42c2f041",
                        "765bee93-37f2-425d-b630-9a3edc6bd2f5",
                        "5a79d7ea-baad-457c-bc17-3757ba3706d8",
                        "55971d2e-139f-4939-a493-1aaac11c9f62",
                        "f9a9223f-5519-4e07-8a56-28db69f45c60",
                        "9237861a-d9bb-483b-a826-12f898726b20",
                        "e0d22111-c63b-42e0-bd1b-defda58d401e",
                        "ff7b17f0-143c-4389-b020-b39e3a2eb9e2"
                      ],
                      "failures": [
                        "e16c8cdf-88fc-4b9c-b665-acf9f92da3e7"
                      ],
                      "pending": [],
                      "skipped": [],
                      "duration": 11028,
                      "root": false,
                      "rootEmpty": false,
                      "_timeout": 2000
                    },
                    {
                      "uuid": "88cc5898-f535-423e-adda-f4e54092c0f3",
                      "title": "Sidebar Right",
                      "fullFile": "",
                      "file": "",
                      "beforeHooks": [],
                      "afterHooks": [],
                      "tests": [
                        {
                          "title": "Search for Liferay as Field and Found Nothing",
                          "fullTitle": "Object run FormView pipeline AppBuilder - FormView Sidebar Right Search for Liferay as Field and Found Nothing",
                          "timedOut": null,
                          "duration": 477,
                          "state": "passed",
                          "speed": "slow",
                          "pass": true,
                          "fail": false,
                          "pending": false,
                          "context": null,
                          "code": "cy.get('.sidebar-header input').as('search-input').should('be.empty').type('Liferay').should('have.value', 'Liferay');\ncy.get('.tab-pane .field-type').should('not.exist');\ncy.get('@search-input').clear();",
                          "err": {},
                          "uuid": "086d7887-e152-4251-a413-a186590c8bb7",
                          "parentUUID": "88cc5898-f535-423e-adda-f4e54092c0f3",
                          "isHook": false,
                          "skipped": false
                        }
                      ],
                      "suites": [
                        {
                          "uuid": "c28e7314-97de-40c8-b7e4-082133fc3a8d",
                          "title": "Add Text Field and Fill Values",
                          "fullFile": "",
                          "file": "",
                          "beforeHooks": [],
                          "afterHooks": [],
                          "tests": [
                            {
                              "title": "add field on DataLayout",
                              "fullTitle": "Object run FormView pipeline AppBuilder - FormView Sidebar Right Add Text Field and Fill Values add field on DataLayout",
                              "timedOut": null,
                              "duration": 257,
                              "state": "passed",
                              "speed": "slow",
                              "pass": true,
                              "fail": false,
                              "pending": false,
                              "context": null,
                              "code": "cy.get(\"[data-field-type-name=\\\"\".concat(type, \"\\\"]\")).dblclick();\ncy.get('div[data-field-name=\"label\"] input').should('have.value', name);",
                              "err": {},
                              "uuid": "8a575407-ddf4-4438-9e6b-66791241413f",
                              "parentUUID": "c28e7314-97de-40c8-b7e4-082133fc3a8d",
                              "isHook": false,
                              "skipped": false
                            },
                            {
                              "title": "Typing [School Name] on [Label]",
                              "fullTitle": "Object run FormView pipeline AppBuilder - FormView Sidebar Right Add Text Field and Fill Values Typing [School Name] on [Label]",
                              "timedOut": null,
                              "duration": 479,
                              "state": "passed",
                              "speed": "slow",
                              "pass": true,
                              "fail": false,
                              "pending": false,
                              "context": null,
                              "code": "cy.get(\"\".concat(ddmLabel, \" input\")).should('have.value', field.name).clear().type(label).should('have.value', label);",
                              "err": {},
                              "uuid": "86393441-b93c-499b-b5f7-66eebb683e09",
                              "parentUUID": "c28e7314-97de-40c8-b7e4-082133fc3a8d",
                              "isHook": false,
                              "skipped": false
                            },
                            {
                              "title": "Typing [School name here] on [placeholder]",
                              "fullTitle": "Object run FormView pipeline AppBuilder - FormView Sidebar Right Add Text Field and Fill Values Typing [School name here] on [placeholder]",
                              "timedOut": null,
                              "duration": 563,
                              "state": "passed",
                              "speed": "slow",
                              "pass": true,
                              "fail": false,
                              "pending": false,
                              "context": null,
                              "code": "cy.get(\"\".concat(selector, \" input\")).should('not.have.value').type(value).should('have.value', value);",
                              "err": {},
                              "uuid": "36fe5ccc-53b2-4c33-b5c1-6593730e190d",
                              "parentUUID": "c28e7314-97de-40c8-b7e4-082133fc3a8d",
                              "isHook": false,
                              "skipped": false
                            },
                            {
                              "title": "Typing [Its recommended inform the School Name] on [help]",
                              "fullTitle": "Object run FormView pipeline AppBuilder - FormView Sidebar Right Add Text Field and Fill Values Typing [Its recommended inform the School Name] on [help]",
                              "timedOut": null,
                              "duration": 867,
                              "state": "passed",
                              "speed": "slow",
                              "pass": true,
                              "fail": false,
                              "pending": false,
                              "context": null,
                              "code": "cy.get(\"\".concat(selector, \" input\")).should('not.have.value').type(value).should('have.value', value);",
                              "err": {},
                              "uuid": "62cd8a63-316f-4572-b5ae-7bddbb43bb31",
                              "parentUUID": "c28e7314-97de-40c8-b7e4-082133fc3a8d",
                              "isHook": false,
                              "skipped": false
                            },
                            {
                              "title": "Marking [multiple] as [checked]",
                              "fullTitle": "Object run FormView pipeline AppBuilder - FormView Sidebar Right Add Text Field and Fill Values Marking [multiple] as [checked]",
                              "timedOut": null,
                              "duration": 315,
                              "state": "passed",
                              "speed": "slow",
                              "pass": true,
                              "fail": false,
                              "pending": false,
                              "context": null,
                              "code": "cy.get(\"\".concat(ddmDisplayStyle)).within(function () {\n  cy.get('input').eq(1).should('not.be.checked').click().should('be.checked');\n});",
                              "err": {},
                              "uuid": "87ece232-ea36-4853-be00-8d1adc10aeb3",
                              "parentUUID": "c28e7314-97de-40c8-b7e4-082133fc3a8d",
                              "isHook": false,
                              "skipped": false
                            },
                            {
                              "title": "Mark [required] as [checked]",
                              "fullTitle": "Object run FormView pipeline AppBuilder - FormView Sidebar Right Add Text Field and Fill Values Mark [required] as [checked]",
                              "timedOut": null,
                              "duration": 304,
                              "state": "passed",
                              "speed": "slow",
                              "pass": true,
                              "fail": false,
                              "pending": false,
                              "context": null,
                              "code": "cy.get(\"\".concat(selector, \" input\")).should('not.be.checked').check().should('be.checked');",
                              "err": {},
                              "uuid": "0241a3ab-a785-4d0a-bead-7cb9e6d1ee4b",
                              "parentUUID": "c28e7314-97de-40c8-b7e4-082133fc3a8d",
                              "isHook": false,
                              "skipped": false
                            },
                            {
                              "title": "Changing tab",
                              "fullTitle": "Object run FormView pipeline AppBuilder - FormView Sidebar Right Add Text Field and Fill Values Changing tab",
                              "timedOut": null,
                              "duration": 318,
                              "state": "passed",
                              "speed": "slow",
                              "pass": true,
                              "fail": false,
                              "pending": false,
                              "context": null,
                              "code": "cy.get('.component-tbar.ddm-form-tabs.tbar li').eq(index).click();",
                              "err": {},
                              "uuid": "2607f92c-3796-4b58-ab21-8ef28c1446ce",
                              "parentUUID": "c28e7314-97de-40c8-b7e4-082133fc3a8d",
                              "isHook": false,
                              "skipped": false
                            },
                            {
                              "title": "Typing [Keven] on [predefinedValue]",
                              "fullTitle": "Object run FormView pipeline AppBuilder - FormView Sidebar Right Add Text Field and Fill Values Typing [Keven] on [predefinedValue]",
                              "timedOut": null,
                              "duration": 297,
                              "state": "passed",
                              "speed": "slow",
                              "pass": true,
                              "fail": false,
                              "pending": false,
                              "context": null,
                              "code": "cy.get(\"\".concat(selector, \" input\")).should('not.have.value').type(value).should('have.value', value);",
                              "err": {},
                              "uuid": "1da9e85a-54dc-4358-a141-b065e6b30baf",
                              "parentUUID": "c28e7314-97de-40c8-b7e4-082133fc3a8d",
                              "isHook": false,
                              "skipped": false
                            },
                            {
                              "title": "Mark [repeatable] as [checked]",
                              "fullTitle": "Object run FormView pipeline AppBuilder - FormView Sidebar Right Add Text Field and Fill Values Mark [repeatable] as [checked]",
                              "timedOut": null,
                              "duration": 290,
                              "state": "passed",
                              "speed": "slow",
                              "pass": true,
                              "fail": false,
                              "pending": false,
                              "context": null,
                              "code": "cy.get(\"\".concat(selector, \" input\")).should('not.be.checked').check().should('be.checked');",
                              "err": {},
                              "uuid": "27177f7b-19db-4f9d-a0d1-f6514af380b7",
                              "parentUUID": "c28e7314-97de-40c8-b7e4-082133fc3a8d",
                              "isHook": false,
                              "skipped": false
                            },
                            {
                              "title": "Dispose",
                              "fullTitle": "Object run FormView pipeline AppBuilder - FormView Sidebar Right Add Text Field and Fill Values Dispose",
                              "timedOut": null,
                              "duration": 270,
                              "state": "passed",
                              "speed": "slow",
                              "pass": true,
                              "fail": false,
                              "pending": false,
                              "context": null,
                              "code": "cy.get('.sidebar-header button').eq(0).click();",
                              "err": {},
                              "uuid": "45264f9c-b967-437d-a4de-dbc201d94242",
                              "parentUUID": "c28e7314-97de-40c8-b7e4-082133fc3a8d",
                              "isHook": false,
                              "skipped": false
                            }
                          ],
                          "suites": [],
                          "passes": [
                            "8a575407-ddf4-4438-9e6b-66791241413f",
                            "86393441-b93c-499b-b5f7-66eebb683e09",
                            "36fe5ccc-53b2-4c33-b5c1-6593730e190d",
                            "62cd8a63-316f-4572-b5ae-7bddbb43bb31",
                            "87ece232-ea36-4853-be00-8d1adc10aeb3",
                            "0241a3ab-a785-4d0a-bead-7cb9e6d1ee4b",
                            "2607f92c-3796-4b58-ab21-8ef28c1446ce",
                            "1da9e85a-54dc-4358-a141-b065e6b30baf",
                            "27177f7b-19db-4f9d-a0d1-f6514af380b7",
                            "45264f9c-b967-437d-a4de-dbc201d94242"
                          ],
                          "failures": [],
                          "pending": [],
                          "skipped": [],
                          "duration": 3960,
                          "root": false,
                          "rootEmpty": false,
                          "_timeout": 2000
                        },
                        {
                          "uuid": "9888e8fe-0fbb-46ed-ace0-15bf6bbe8179",
                          "title": "Add Select from List Field and Fill Values",
                          "fullFile": "",
                          "file": "",
                          "beforeHooks": [],
                          "afterHooks": [],
                          "tests": [
                            {
                              "title": "add field on DataLayout",
                              "fullTitle": "Object run FormView pipeline AppBuilder - FormView Sidebar Right Add Select from List Field and Fill Values add field on DataLayout",
                              "timedOut": null,
                              "duration": 248,
                              "state": "passed",
                              "speed": "slow",
                              "pass": true,
                              "fail": false,
                              "pending": false,
                              "context": null,
                              "code": "cy.get(\"[data-field-type-name=\\\"\".concat(type, \"\\\"]\")).dblclick();\ncy.get('div[data-field-name=\"label\"] input').should('have.value', name);",
                              "err": {},
                              "uuid": "ed8accd4-707b-4504-a376-9d6841f4c7a5",
                              "parentUUID": "9888e8fe-0fbb-46ed-ace0-15bf6bbe8179",
                              "isHook": false,
                              "skipped": false
                            },
                            {
                              "title": "Typing [School Grade] on [Label]",
                              "fullTitle": "Object run FormView pipeline AppBuilder - FormView Sidebar Right Add Select from List Field and Fill Values Typing [School Grade] on [Label]",
                              "timedOut": null,
                              "duration": 487,
                              "state": "passed",
                              "speed": "slow",
                              "pass": true,
                              "fail": false,
                              "pending": false,
                              "context": null,
                              "code": "cy.get(\"\".concat(ddmLabel, \" input\")).should('have.value', field.name).clear().type(label).should('have.value', label);",
                              "err": {},
                              "uuid": "2a71ad6b-7b19-4e0a-9267-a70b51bca4e6",
                              "parentUUID": "9888e8fe-0fbb-46ed-ace0-15bf6bbe8179",
                              "isHook": false,
                              "skipped": false
                            },
                            {
                              "title": "Typing [Student Grade] on [help]",
                              "fullTitle": "Object run FormView pipeline AppBuilder - FormView Sidebar Right Add Select from List Field and Fill Values Typing [Student Grade] on [help]",
                              "timedOut": null,
                              "duration": 513,
                              "state": "passed",
                              "speed": "slow",
                              "pass": true,
                              "fail": false,
                              "pending": false,
                              "context": null,
                              "code": "cy.get(\"\".concat(selector, \" input\")).should('not.have.value').type(value).should('have.value', value);",
                              "err": {},
                              "uuid": "f063e27d-f59c-46b0-a8c5-7daf9e15e271",
                              "parentUUID": "9888e8fe-0fbb-46ed-ace0-15bf6bbe8179",
                              "isHook": false,
                              "skipped": false
                            },
                            {
                              "title": "Mark [required] as [checked]",
                              "fullTitle": "Object run FormView pipeline AppBuilder - FormView Sidebar Right Add Select from List Field and Fill Values Mark [required] as [checked]",
                              "timedOut": null,
                              "duration": 314,
                              "state": "passed",
                              "speed": "slow",
                              "pass": true,
                              "fail": false,
                              "pending": false,
                              "context": null,
                              "code": "cy.get(\"\".concat(selector, \" input\")).should('not.be.checked').check().should('be.checked');",
                              "err": {},
                              "uuid": "4aee96fa-3120-4f1c-b002-cad87abdc19d",
                              "parentUUID": "9888e8fe-0fbb-46ed-ace0-15bf6bbe8179",
                              "isHook": false,
                              "skipped": false
                            },
                            {
                              "title": "Changing tab",
                              "fullTitle": "Object run FormView pipeline AppBuilder - FormView Sidebar Right Add Select from List Field and Fill Values Changing tab",
                              "timedOut": null,
                              "duration": 300,
                              "state": "passed",
                              "speed": "slow",
                              "pass": true,
                              "fail": false,
                              "pending": false,
                              "context": null,
                              "code": "cy.get('.component-tbar.ddm-form-tabs.tbar li').eq(index).click();",
                              "err": {},
                              "uuid": "0ee02df9-0744-466d-a926-4848274e9a39",
                              "parentUUID": "9888e8fe-0fbb-46ed-ace0-15bf6bbe8179",
                              "isHook": false,
                              "skipped": false
                            },
                            {
                              "title": "Mark [repeatable] as [checked]",
                              "fullTitle": "Object run FormView pipeline AppBuilder - FormView Sidebar Right Add Select from List Field and Fill Values Mark [repeatable] as [checked]",
                              "timedOut": null,
                              "duration": 282,
                              "state": "passed",
                              "speed": "slow",
                              "pass": true,
                              "fail": false,
                              "pending": false,
                              "context": null,
                              "code": "cy.get(\"\".concat(selector, \" input\")).should('not.be.checked').check().should('be.checked');",
                              "err": {},
                              "uuid": "d87837d7-2e04-417a-a1d0-9b6353ba22cd",
                              "parentUUID": "9888e8fe-0fbb-46ed-ace0-15bf6bbe8179",
                              "isHook": false,
                              "skipped": false
                            },
                            {
                              "title": "Mark [multiple] as [checked]",
                              "fullTitle": "Object run FormView pipeline AppBuilder - FormView Sidebar Right Add Select from List Field and Fill Values Mark [multiple] as [checked]",
                              "timedOut": null,
                              "duration": 284,
                              "state": "passed",
                              "speed": "slow",
                              "pass": true,
                              "fail": false,
                              "pending": false,
                              "context": null,
                              "code": "cy.get(\"\".concat(selector, \" input\")).should('not.be.checked').check().should('be.checked');",
                              "err": {},
                              "uuid": "4fb8ee0f-33b5-4e4a-ae26-78e1973ca7a2",
                              "parentUUID": "9888e8fe-0fbb-46ed-ace0-15bf6bbe8179",
                              "isHook": false,
                              "skipped": false
                            },
                            {
                              "title": "Dispose",
                              "fullTitle": "Object run FormView pipeline AppBuilder - FormView Sidebar Right Add Select from List Field and Fill Values Dispose",
                              "timedOut": null,
                              "duration": 259,
                              "state": "passed",
                              "speed": "slow",
                              "pass": true,
                              "fail": false,
                              "pending": false,
                              "context": null,
                              "code": "cy.get('.sidebar-header button').eq(0).click();",
                              "err": {},
                              "uuid": "725b589b-73e4-43c1-b384-a8310fc47785",
                              "parentUUID": "9888e8fe-0fbb-46ed-ace0-15bf6bbe8179",
                              "isHook": false,
                              "skipped": false
                            }
                          ],
                          "suites": [],
                          "passes": [
                            "ed8accd4-707b-4504-a376-9d6841f4c7a5",
                            "2a71ad6b-7b19-4e0a-9267-a70b51bca4e6",
                            "f063e27d-f59c-46b0-a8c5-7daf9e15e271",
                            "4aee96fa-3120-4f1c-b002-cad87abdc19d",
                            "0ee02df9-0744-466d-a926-4848274e9a39",
                            "d87837d7-2e04-417a-a1d0-9b6353ba22cd",
                            "4fb8ee0f-33b5-4e4a-ae26-78e1973ca7a2",
                            "725b589b-73e4-43c1-b384-a8310fc47785"
                          ],
                          "failures": [],
                          "pending": [],
                          "skipped": [],
                          "duration": 2687,
                          "root": false,
                          "rootEmpty": false,
                          "_timeout": 2000
                        },
                        {
                          "uuid": "e163c667-70aa-4c51-8d12-10091e6f33a4",
                          "title": "Add Single Selection Field and Fill Values",
                          "fullFile": "",
                          "file": "",
                          "beforeHooks": [],
                          "afterHooks": [],
                          "tests": [
                            {
                              "title": "add field on DataLayout",
                              "fullTitle": "Object run FormView pipeline AppBuilder - FormView Sidebar Right Add Single Selection Field and Fill Values add field on DataLayout",
                              "timedOut": null,
                              "duration": 245,
                              "state": "passed",
                              "speed": "slow",
                              "pass": true,
                              "fail": false,
                              "pending": false,
                              "context": null,
                              "code": "cy.get(\"[data-field-type-name=\\\"\".concat(type, \"\\\"]\")).dblclick();\ncy.get('div[data-field-name=\"label\"] input').should('have.value', name);",
                              "err": {},
                              "uuid": "8c46b1e4-512d-4e51-ace2-96a95ae19bcf",
                              "parentUUID": "e163c667-70aa-4c51-8d12-10091e6f33a4",
                              "isHook": false,
                              "skipped": false
                            },
                            {
                              "title": "Typing [Self Care] on [Label]",
                              "fullTitle": "Object run FormView pipeline AppBuilder - FormView Sidebar Right Add Single Selection Field and Fill Values Typing [Self Care] on [Label]",
                              "timedOut": null,
                              "duration": 493,
                              "state": "passed",
                              "speed": "slow",
                              "pass": true,
                              "fail": false,
                              "pending": false,
                              "context": null,
                              "code": "cy.get(\"\".concat(ddmLabel, \" input\")).should('have.value', field.name).clear().type(label).should('have.value', label);",
                              "err": {},
                              "uuid": "b8016d71-561b-44a9-914f-aa563c665e57",
                              "parentUUID": "e163c667-70aa-4c51-8d12-10091e6f33a4",
                              "isHook": false,
                              "skipped": false
                            },
                            {
                              "title": "Typing [Self Care] on [help]",
                              "fullTitle": "Object run FormView pipeline AppBuilder - FormView Sidebar Right Add Single Selection Field and Fill Values Typing [Self Care] on [help]",
                              "timedOut": null,
                              "duration": 453,
                              "state": "passed",
                              "speed": "slow",
                              "pass": true,
                              "fail": false,
                              "pending": false,
                              "context": null,
                              "code": "cy.get(\"\".concat(selector, \" input\")).should('not.have.value').type(value).should('have.value', value);",
                              "err": {},
                              "uuid": "8f3e4975-e244-46f3-9940-b6bd84ca28b1",
                              "parentUUID": "e163c667-70aa-4c51-8d12-10091e6f33a4",
                              "isHook": false,
                              "skipped": false
                            },
                            {
                              "title": "Mark [required] as [checked]",
                              "fullTitle": "Object run FormView pipeline AppBuilder - FormView Sidebar Right Add Single Selection Field and Fill Values Mark [required] as [checked]",
                              "timedOut": null,
                              "duration": 308,
                              "state": "passed",
                              "speed": "slow",
                              "pass": true,
                              "fail": false,
                              "pending": false,
                              "context": null,
                              "code": "cy.get(\"\".concat(selector, \" input\")).should('not.be.checked').check().should('be.checked');",
                              "err": {},
                              "uuid": "ba0802d5-4813-4b93-9412-fb98f6f78793",
                              "parentUUID": "e163c667-70aa-4c51-8d12-10091e6f33a4",
                              "isHook": false,
                              "skipped": false
                            },
                            {
                              "title": "Changing tab",
                              "fullTitle": "Object run FormView pipeline AppBuilder - FormView Sidebar Right Add Single Selection Field and Fill Values Changing tab",
                              "timedOut": null,
                              "duration": 267,
                              "state": "passed",
                              "speed": "slow",
                              "pass": true,
                              "fail": false,
                              "pending": false,
                              "context": null,
                              "code": "cy.get('.component-tbar.ddm-form-tabs.tbar li').eq(index).click();",
                              "err": {},
                              "uuid": "a32656e6-8348-436c-97eb-f580d60a090c",
                              "parentUUID": "e163c667-70aa-4c51-8d12-10091e6f33a4",
                              "isHook": false,
                              "skipped": false
                            },
                            {
                              "title": "Mark [repeatable] as [checked]",
                              "fullTitle": "Object run FormView pipeline AppBuilder - FormView Sidebar Right Add Single Selection Field and Fill Values Mark [repeatable] as [checked]",
                              "timedOut": null,
                              "duration": 268,
                              "state": "passed",
                              "speed": "slow",
                              "pass": true,
                              "fail": false,
                              "pending": false,
                              "context": null,
                              "code": "cy.get(\"\".concat(selector, \" input\")).should('not.be.checked').check().should('be.checked');",
                              "err": {},
                              "uuid": "7f79a1f2-83da-4cf8-b10a-4954d08f3058",
                              "parentUUID": "e163c667-70aa-4c51-8d12-10091e6f33a4",
                              "isHook": false,
                              "skipped": false
                            },
                            {
                              "title": "Dispose",
                              "fullTitle": "Object run FormView pipeline AppBuilder - FormView Sidebar Right Add Single Selection Field and Fill Values Dispose",
                              "timedOut": null,
                              "duration": 267,
                              "state": "passed",
                              "speed": "slow",
                              "pass": true,
                              "fail": false,
                              "pending": false,
                              "context": null,
                              "code": "cy.get('.sidebar-header button').eq(0).click();",
                              "err": {},
                              "uuid": "b216ecc9-9771-4cb6-88a4-54f34be15c70",
                              "parentUUID": "e163c667-70aa-4c51-8d12-10091e6f33a4",
                              "isHook": false,
                              "skipped": false
                            }
                          ],
                          "suites": [],
                          "passes": [
                            "8c46b1e4-512d-4e51-ace2-96a95ae19bcf",
                            "b8016d71-561b-44a9-914f-aa563c665e57",
                            "8f3e4975-e244-46f3-9940-b6bd84ca28b1",
                            "ba0802d5-4813-4b93-9412-fb98f6f78793",
                            "a32656e6-8348-436c-97eb-f580d60a090c",
                            "7f79a1f2-83da-4cf8-b10a-4954d08f3058",
                            "b216ecc9-9771-4cb6-88a4-54f34be15c70"
                          ],
                          "failures": [],
                          "pending": [],
                          "skipped": [],
                          "duration": 2301,
                          "root": false,
                          "rootEmpty": false,
                          "_timeout": 2000
                        },
                        {
                          "uuid": "907ffc61-1951-4b02-bcc3-4afe4e71247d",
                          "title": "Add Multiple Selection Field and Fill Values",
                          "fullFile": "",
                          "file": "",
                          "beforeHooks": [],
                          "afterHooks": [],
                          "tests": [
                            {
                              "title": "add field on DataLayout",
                              "fullTitle": "Object run FormView pipeline AppBuilder - FormView Sidebar Right Add Multiple Selection Field and Fill Values add field on DataLayout",
                              "timedOut": null,
                              "duration": 251,
                              "state": "passed",
                              "speed": "slow",
                              "pass": true,
                              "fail": false,
                              "pending": false,
                              "context": null,
                              "code": "cy.get(\"[data-field-type-name=\\\"\".concat(type, \"\\\"]\")).dblclick();\ncy.get('div[data-field-name=\"label\"] input').should('have.value', name);",
                              "err": {},
                              "uuid": "7f08712b-1ab5-4eb1-b40f-5babb8a43370",
                              "parentUUID": "907ffc61-1951-4b02-bcc3-4afe4e71247d",
                              "isHook": false,
                              "skipped": false
                            },
                            {
                              "title": "Typing [Basic Toolkit] on [Label]",
                              "fullTitle": "Object run FormView pipeline AppBuilder - FormView Sidebar Right Add Multiple Selection Field and Fill Values Typing [Basic Toolkit] on [Label]",
                              "timedOut": null,
                              "duration": 497,
                              "state": "passed",
                              "speed": "slow",
                              "pass": true,
                              "fail": false,
                              "pending": false,
                              "context": null,
                              "code": "cy.get(\"\".concat(ddmLabel, \" input\")).should('have.value', field.name).clear().type(label).should('have.value', label);",
                              "err": {},
                              "uuid": "d8c7f497-66d3-42e1-ae2e-1310ec9c0658",
                              "parentUUID": "907ffc61-1951-4b02-bcc3-4afe4e71247d",
                              "isHook": false,
                              "skipped": false
                            },
                            {
                              "title": "Typing [Basic Toolkit] on [help]",
                              "fullTitle": "Object run FormView pipeline AppBuilder - FormView Sidebar Right Add Multiple Selection Field and Fill Values Typing [Basic Toolkit] on [help]",
                              "timedOut": null,
                              "duration": 498,
                              "state": "passed",
                              "speed": "slow",
                              "pass": true,
                              "fail": false,
                              "pending": false,
                              "context": null,
                              "code": "cy.get(\"\".concat(selector, \" input\")).should('not.have.value').type(value).should('have.value', value);",
                              "err": {},
                              "uuid": "430e258d-b8fc-408c-bf7b-a31d20bc8173",
                              "parentUUID": "907ffc61-1951-4b02-bcc3-4afe4e71247d",
                              "isHook": false,
                              "skipped": false
                            },
                            {
                              "title": "Mark [required] as [checked]",
                              "fullTitle": "Object run FormView pipeline AppBuilder - FormView Sidebar Right Add Multiple Selection Field and Fill Values Mark [required] as [checked]",
                              "timedOut": null,
                              "duration": 292,
                              "state": "passed",
                              "speed": "slow",
                              "pass": true,
                              "fail": false,
                              "pending": false,
                              "context": null,
                              "code": "cy.get(\"\".concat(selector, \" input\")).should('not.be.checked').check().should('be.checked');",
                              "err": {},
                              "uuid": "0abdadf4-abd5-4d13-9e8a-37f75873a700",
                              "parentUUID": "907ffc61-1951-4b02-bcc3-4afe4e71247d",
                              "isHook": false,
                              "skipped": false
                            },
                            {
                              "title": "Changing tab",
                              "fullTitle": "Object run FormView pipeline AppBuilder - FormView Sidebar Right Add Multiple Selection Field and Fill Values Changing tab",
                              "timedOut": null,
                              "duration": 269,
                              "state": "passed",
                              "speed": "slow",
                              "pass": true,
                              "fail": false,
                              "pending": false,
                              "context": null,
                              "code": "cy.get('.component-tbar.ddm-form-tabs.tbar li').eq(index).click();",
                              "err": {},
                              "uuid": "dcb45d6b-5dd1-4636-8ad8-25a0b7e4241c",
                              "parentUUID": "907ffc61-1951-4b02-bcc3-4afe4e71247d",
                              "isHook": false,
                              "skipped": false
                            },
                            {
                              "title": "Mark [repeatable] as [checked]",
                              "fullTitle": "Object run FormView pipeline AppBuilder - FormView Sidebar Right Add Multiple Selection Field and Fill Values Mark [repeatable] as [checked]",
                              "timedOut": null,
                              "duration": 267,
                              "state": "passed",
                              "speed": "slow",
                              "pass": true,
                              "fail": false,
                              "pending": false,
                              "context": null,
                              "code": "cy.get(\"\".concat(selector, \" input\")).should('not.be.checked').check().should('be.checked');",
                              "err": {},
                              "uuid": "66d7e9a1-3bff-4e61-9b02-6ac3084fa18e",
                              "parentUUID": "907ffc61-1951-4b02-bcc3-4afe4e71247d",
                              "isHook": false,
                              "skipped": false
                            },
                            {
                              "title": "Mark [inline] as [checked]",
                              "fullTitle": "Object run FormView pipeline AppBuilder - FormView Sidebar Right Add Multiple Selection Field and Fill Values Mark [inline] as [checked]",
                              "timedOut": null,
                              "duration": 274,
                              "state": "passed",
                              "speed": "slow",
                              "pass": true,
                              "fail": false,
                              "pending": false,
                              "context": null,
                              "code": "cy.get(\"\".concat(selector, \" input\")).should('not.be.checked').check().should('be.checked');",
                              "err": {},
                              "uuid": "61de2a73-8eeb-42b4-9c31-9fce94a3e557",
                              "parentUUID": "907ffc61-1951-4b02-bcc3-4afe4e71247d",
                              "isHook": false,
                              "skipped": false
                            },
                            {
                              "title": "Dispose",
                              "fullTitle": "Object run FormView pipeline AppBuilder - FormView Sidebar Right Add Multiple Selection Field and Fill Values Dispose",
                              "timedOut": null,
                              "duration": 264,
                              "state": "passed",
                              "speed": "slow",
                              "pass": true,
                              "fail": false,
                              "pending": false,
                              "context": null,
                              "code": "cy.get('.sidebar-header button').eq(0).click();",
                              "err": {},
                              "uuid": "5dd0935e-caad-4fdf-832c-01c49812afac",
                              "parentUUID": "907ffc61-1951-4b02-bcc3-4afe4e71247d",
                              "isHook": false,
                              "skipped": false
                            }
                          ],
                          "suites": [],
                          "passes": [
                            "7f08712b-1ab5-4eb1-b40f-5babb8a43370",
                            "d8c7f497-66d3-42e1-ae2e-1310ec9c0658",
                            "430e258d-b8fc-408c-bf7b-a31d20bc8173",
                            "0abdadf4-abd5-4d13-9e8a-37f75873a700",
                            "dcb45d6b-5dd1-4636-8ad8-25a0b7e4241c",
                            "66d7e9a1-3bff-4e61-9b02-6ac3084fa18e",
                            "61de2a73-8eeb-42b4-9c31-9fce94a3e557",
                            "5dd0935e-caad-4fdf-832c-01c49812afac"
                          ],
                          "failures": [],
                          "pending": [],
                          "skipped": [],
                          "duration": 2612,
                          "root": false,
                          "rootEmpty": false,
                          "_timeout": 2000
                        },
                        {
                          "uuid": "a7ada57f-a6fa-4510-af1a-e810394a7159",
                          "title": "Add Date Field and Fill Values",
                          "fullFile": "",
                          "file": "",
                          "beforeHooks": [],
                          "afterHooks": [],
                          "tests": [
                            {
                              "title": "add field on DataLayout",
                              "fullTitle": "Object run FormView pipeline AppBuilder - FormView Sidebar Right Add Date Field and Fill Values add field on DataLayout",
                              "timedOut": null,
                              "duration": 263,
                              "state": "passed",
                              "speed": "slow",
                              "pass": true,
                              "fail": false,
                              "pending": false,
                              "context": null,
                              "code": "cy.get(\"[data-field-type-name=\\\"\".concat(type, \"\\\"]\")).dblclick();\ncy.get('div[data-field-name=\"label\"] input').should('have.value', name);",
                              "err": {},
                              "uuid": "4053a646-8187-4c83-b65b-b4574be79949",
                              "parentUUID": "a7ada57f-a6fa-4510-af1a-e810394a7159",
                              "isHook": false,
                              "skipped": false
                            },
                            {
                              "title": "Typing [Student Born] on [Label]",
                              "fullTitle": "Object run FormView pipeline AppBuilder - FormView Sidebar Right Add Date Field and Fill Values Typing [Student Born] on [Label]",
                              "timedOut": null,
                              "duration": 488,
                              "state": "passed",
                              "speed": "slow",
                              "pass": true,
                              "fail": false,
                              "pending": false,
                              "context": null,
                              "code": "cy.get(\"\".concat(ddmLabel, \" input\")).should('have.value', field.name).clear().type(label).should('have.value', label);",
                              "err": {},
                              "uuid": "99418f6e-67ac-4186-83bc-9d20a2f4f919",
                              "parentUUID": "a7ada57f-a6fa-4510-af1a-e810394a7159",
                              "isHook": false,
                              "skipped": false
                            },
                            {
                              "title": "Typing [Student Born Date] on [help]",
                              "fullTitle": "Object run FormView pipeline AppBuilder - FormView Sidebar Right Add Date Field and Fill Values Typing [Student Born Date] on [help]",
                              "timedOut": null,
                              "duration": 564,
                              "state": "passed",
                              "speed": "slow",
                              "pass": true,
                              "fail": false,
                              "pending": false,
                              "context": null,
                              "code": "cy.get(\"\".concat(selector, \" input\")).should('not.have.value').type(value).should('have.value', value);",
                              "err": {},
                              "uuid": "e6d70b90-2300-4a6b-8346-4b90739a295d",
                              "parentUUID": "a7ada57f-a6fa-4510-af1a-e810394a7159",
                              "isHook": false,
                              "skipped": false
                            },
                            {
                              "title": "Mark [required] as [checked]",
                              "fullTitle": "Object run FormView pipeline AppBuilder - FormView Sidebar Right Add Date Field and Fill Values Mark [required] as [checked]",
                              "timedOut": null,
                              "duration": 326,
                              "state": "passed",
                              "speed": "slow",
                              "pass": true,
                              "fail": false,
                              "pending": false,
                              "context": null,
                              "code": "cy.get(\"\".concat(selector, \" input\")).should('not.be.checked').check().should('be.checked');",
                              "err": {},
                              "uuid": "a25f6d2f-09c2-49bc-9a0b-0aa301052666",
                              "parentUUID": "a7ada57f-a6fa-4510-af1a-e810394a7159",
                              "isHook": false,
                              "skipped": false
                            },
                            {
                              "title": "Changing tab",
                              "fullTitle": "Object run FormView pipeline AppBuilder - FormView Sidebar Right Add Date Field and Fill Values Changing tab",
                              "timedOut": null,
                              "duration": 292,
                              "state": "passed",
                              "speed": "slow",
                              "pass": true,
                              "fail": false,
                              "pending": false,
                              "context": null,
                              "code": "cy.get('.component-tbar.ddm-form-tabs.tbar li').eq(index).click();",
                              "err": {},
                              "uuid": "8214e746-ca2b-437c-911b-af87d0cfae22",
                              "parentUUID": "a7ada57f-a6fa-4510-af1a-e810394a7159",
                              "isHook": false,
                              "skipped": false
                            },
                            {
                              "title": "Mark [repeatable] as [checked]",
                              "fullTitle": "Object run FormView pipeline AppBuilder - FormView Sidebar Right Add Date Field and Fill Values Mark [repeatable] as [checked]",
                              "timedOut": null,
                              "duration": 246,
                              "state": "passed",
                              "speed": "slow",
                              "pass": true,
                              "fail": false,
                              "pending": false,
                              "context": null,
                              "code": "cy.get(\"\".concat(selector, \" input\")).should('not.be.checked').check().should('be.checked');",
                              "err": {},
                              "uuid": "548c93f3-9616-4272-9a06-a7dfa451ccd6",
                              "parentUUID": "a7ada57f-a6fa-4510-af1a-e810394a7159",
                              "isHook": false,
                              "skipped": false
                            },
                            {
                              "title": "Dispose",
                              "fullTitle": "Object run FormView pipeline AppBuilder - FormView Sidebar Right Add Date Field and Fill Values Dispose",
                              "timedOut": null,
                              "duration": 274,
                              "state": "passed",
                              "speed": "slow",
                              "pass": true,
                              "fail": false,
                              "pending": false,
                              "context": null,
                              "code": "cy.get('.sidebar-header button').eq(0).click();",
                              "err": {},
                              "uuid": "37161963-2bf3-424b-93bc-de7546d49df7",
                              "parentUUID": "a7ada57f-a6fa-4510-af1a-e810394a7159",
                              "isHook": false,
                              "skipped": false
                            }
                          ],
                          "suites": [],
                          "passes": [
                            "4053a646-8187-4c83-b65b-b4574be79949",
                            "99418f6e-67ac-4186-83bc-9d20a2f4f919",
                            "e6d70b90-2300-4a6b-8346-4b90739a295d",
                            "a25f6d2f-09c2-49bc-9a0b-0aa301052666",
                            "8214e746-ca2b-437c-911b-af87d0cfae22",
                            "548c93f3-9616-4272-9a06-a7dfa451ccd6",
                            "37161963-2bf3-424b-93bc-de7546d49df7"
                          ],
                          "failures": [],
                          "pending": [],
                          "skipped": [],
                          "duration": 2453,
                          "root": false,
                          "rootEmpty": false,
                          "_timeout": 2000
                        },
                        {
                          "uuid": "6a0f47fa-d070-4fbb-8ec1-2d085a525c48",
                          "title": "Add Numeric Field and Fill Values",
                          "fullFile": "",
                          "file": "",
                          "beforeHooks": [],
                          "afterHooks": [],
                          "tests": [
                            {
                              "title": "add field on DataLayout",
                              "fullTitle": "Object run FormView pipeline AppBuilder - FormView Sidebar Right Add Numeric Field and Fill Values add field on DataLayout",
                              "timedOut": null,
                              "duration": 253,
                              "state": "passed",
                              "speed": "slow",
                              "pass": true,
                              "fail": false,
                              "pending": false,
                              "context": null,
                              "code": "cy.get(\"[data-field-type-name=\\\"\".concat(type, \"\\\"]\")).dblclick();\ncy.get('div[data-field-name=\"label\"] input').should('have.value', name);",
                              "err": {},
                              "uuid": "74538e60-54d9-40a3-b194-8c6aad3a3b7b",
                              "parentUUID": "6a0f47fa-d070-4fbb-8ec1-2d085a525c48",
                              "isHook": false,
                              "skipped": false
                            },
                            {
                              "title": "Typing [School Grade] on [Label]",
                              "fullTitle": "Object run FormView pipeline AppBuilder - FormView Sidebar Right Add Numeric Field and Fill Values Typing [School Grade] on [Label]",
                              "timedOut": null,
                              "duration": 484,
                              "state": "passed",
                              "speed": "slow",
                              "pass": true,
                              "fail": false,
                              "pending": false,
                              "context": null,
                              "code": "cy.get(\"\".concat(ddmLabel, \" input\")).should('have.value', field.name).clear().type(label).should('have.value', label);",
                              "err": {},
                              "uuid": "7d8fb596-3ad7-43d0-a94f-12346d245460",
                              "parentUUID": "6a0f47fa-d070-4fbb-8ec1-2d085a525c48",
                              "isHook": false,
                              "skipped": false
                            },
                            {
                              "title": "Typing [Student Grade] on [help]",
                              "fullTitle": "Object run FormView pipeline AppBuilder - FormView Sidebar Right Add Numeric Field and Fill Values Typing [Student Grade] on [help]",
                              "timedOut": null,
                              "duration": 502,
                              "state": "passed",
                              "speed": "slow",
                              "pass": true,
                              "fail": false,
                              "pending": false,
                              "context": null,
                              "code": "cy.get(\"\".concat(selector, \" input\")).should('not.have.value').type(value).should('have.value', value);",
                              "err": {},
                              "uuid": "d163161f-e621-4113-ba65-e0f46e3100be",
                              "parentUUID": "6a0f47fa-d070-4fbb-8ec1-2d085a525c48",
                              "isHook": false,
                              "skipped": false
                            },
                            {
                              "title": "Mark [required] as [checked]",
                              "fullTitle": "Object run FormView pipeline AppBuilder - FormView Sidebar Right Add Numeric Field and Fill Values Mark [required] as [checked]",
                              "timedOut": null,
                              "duration": 286,
                              "state": "passed",
                              "speed": "slow",
                              "pass": true,
                              "fail": false,
                              "pending": false,
                              "context": null,
                              "code": "cy.get(\"\".concat(selector, \" input\")).should('not.be.checked').check().should('be.checked');",
                              "err": {},
                              "uuid": "0bc68806-6c4d-4a08-8c6d-3e6b2865c751",
                              "parentUUID": "6a0f47fa-d070-4fbb-8ec1-2d085a525c48",
                              "isHook": false,
                              "skipped": false
                            },
                            {
                              "title": "Changing tab",
                              "fullTitle": "Object run FormView pipeline AppBuilder - FormView Sidebar Right Add Numeric Field and Fill Values Changing tab",
                              "timedOut": null,
                              "duration": 322,
                              "state": "passed",
                              "speed": "slow",
                              "pass": true,
                              "fail": false,
                              "pending": false,
                              "context": null,
                              "code": "cy.get('.component-tbar.ddm-form-tabs.tbar li').eq(index).click();",
                              "err": {},
                              "uuid": "00ec4bb7-683b-48d9-a44c-6b79bbde04b4",
                              "parentUUID": "6a0f47fa-d070-4fbb-8ec1-2d085a525c48",
                              "isHook": false,
                              "skipped": false
                            },
                            {
                              "title": "Mark [repeatable] as [checked]",
                              "fullTitle": "Object run FormView pipeline AppBuilder - FormView Sidebar Right Add Numeric Field and Fill Values Mark [repeatable] as [checked]",
                              "timedOut": null,
                              "duration": 302,
                              "state": "passed",
                              "speed": "slow",
                              "pass": true,
                              "fail": false,
                              "pending": false,
                              "context": null,
                              "code": "cy.get(\"\".concat(selector, \" input\")).should('not.be.checked').check().should('be.checked');",
                              "err": {},
                              "uuid": "53dc0758-a9d4-4505-8179-5adc96036630",
                              "parentUUID": "6a0f47fa-d070-4fbb-8ec1-2d085a525c48",
                              "isHook": false,
                              "skipped": false
                            },
                            {
                              "title": "Dispose",
                              "fullTitle": "Object run FormView pipeline AppBuilder - FormView Sidebar Right Add Numeric Field and Fill Values Dispose",
                              "timedOut": null,
                              "duration": 259,
                              "state": "passed",
                              "speed": "slow",
                              "pass": true,
                              "fail": false,
                              "pending": false,
                              "context": null,
                              "code": "cy.get('.sidebar-header button').eq(0).click();",
                              "err": {},
                              "uuid": "da7b8f7a-c109-4398-8fdd-b64a1528d2af",
                              "parentUUID": "6a0f47fa-d070-4fbb-8ec1-2d085a525c48",
                              "isHook": false,
                              "skipped": false
                            }
                          ],
                          "suites": [],
                          "passes": [
                            "74538e60-54d9-40a3-b194-8c6aad3a3b7b",
                            "7d8fb596-3ad7-43d0-a94f-12346d245460",
                            "d163161f-e621-4113-ba65-e0f46e3100be",
                            "0bc68806-6c4d-4a08-8c6d-3e6b2865c751",
                            "00ec4bb7-683b-48d9-a44c-6b79bbde04b4",
                            "53dc0758-a9d4-4505-8179-5adc96036630",
                            "da7b8f7a-c109-4398-8fdd-b64a1528d2af"
                          ],
                          "failures": [],
                          "pending": [],
                          "skipped": [],
                          "duration": 2408,
                          "root": false,
                          "rootEmpty": false,
                          "_timeout": 2000
                        },
                        {
                          "uuid": "ec1e7368-86a2-47b6-a981-37d5be12b860",
                          "title": "Add Upload Field and Fill Values",
                          "fullFile": "",
                          "file": "",
                          "beforeHooks": [],
                          "afterHooks": [],
                          "tests": [
                            {
                              "title": "add field on DataLayout",
                              "fullTitle": "Object run FormView pipeline AppBuilder - FormView Sidebar Right Add Upload Field and Fill Values add field on DataLayout",
                              "timedOut": null,
                              "duration": 247,
                              "state": "passed",
                              "speed": "slow",
                              "pass": true,
                              "fail": false,
                              "pending": false,
                              "context": null,
                              "code": "cy.get(\"[data-field-type-name=\\\"\".concat(type, \"\\\"]\")).dblclick();\ncy.get('div[data-field-name=\"label\"] input').should('have.value', name);",
                              "err": {},
                              "uuid": "4548f947-656b-4a87-a3fa-e09c4946572b",
                              "parentUUID": "ec1e7368-86a2-47b6-a981-37d5be12b860",
                              "isHook": false,
                              "skipped": false
                            },
                            {
                              "title": "Changing tab",
                              "fullTitle": "Object run FormView pipeline AppBuilder - FormView Sidebar Right Add Upload Field and Fill Values Changing tab",
                              "timedOut": null,
                              "duration": 302,
                              "state": "passed",
                              "speed": "slow",
                              "pass": true,
                              "fail": false,
                              "pending": false,
                              "context": null,
                              "code": "cy.get('.component-tbar.ddm-form-tabs.tbar li').eq(index).click();",
                              "err": {},
                              "uuid": "5ec654bd-2569-4fec-9e5d-ee871f5eee43",
                              "parentUUID": "ec1e7368-86a2-47b6-a981-37d5be12b860",
                              "isHook": false,
                              "skipped": false
                            },
                            {
                              "title": "Dispose",
                              "fullTitle": "Object run FormView pipeline AppBuilder - FormView Sidebar Right Add Upload Field and Fill Values Dispose",
                              "timedOut": null,
                              "duration": 250,
                              "state": "passed",
                              "speed": "slow",
                              "pass": true,
                              "fail": false,
                              "pending": false,
                              "context": null,
                              "code": "cy.get('.sidebar-header button').eq(0).click();",
                              "err": {},
                              "uuid": "f64fef3b-d062-4835-9f89-26aef0aaaa5a",
                              "parentUUID": "ec1e7368-86a2-47b6-a981-37d5be12b860",
                              "isHook": false,
                              "skipped": false
                            }
                          ],
                          "suites": [],
                          "passes": [
                            "4548f947-656b-4a87-a3fa-e09c4946572b",
                            "5ec654bd-2569-4fec-9e5d-ee871f5eee43",
                            "f64fef3b-d062-4835-9f89-26aef0aaaa5a"
                          ],
                          "failures": [],
                          "pending": [],
                          "skipped": [],
                          "duration": 799,
                          "root": false,
                          "rootEmpty": false,
                          "_timeout": 2000
                        }
                      ],
                      "passes": [
                        "086d7887-e152-4251-a413-a186590c8bb7"
                      ],
                      "failures": [],
                      "pending": [],
                      "skipped": [],
                      "duration": 477,
                      "root": false,
                      "rootEmpty": false,
                      "_timeout": 2000
                    }
                  ],
                  "passes": [
                    "8d2e1317-b549-443d-acc5-7a73571cb0e3",
                    "f5b718f8-4696-4e84-872e-3dba776acb87"
                  ],
                  "failures": [],
                  "pending": [],
                  "skipped": [],
                  "duration": 6125,
                  "root": false,
                  "rootEmpty": false,
                  "_timeout": 2000
                }
              ],
              "passes": [],
              "failures": [],
              "pending": [],
              "skipped": [],
              "duration": 0,
              "root": false,
              "rootEmpty": false,
              "_timeout": 2000
            }
          ],
          "passes": [
            "d723658c-84a8-4c3a-ac85-1b4fdd045e61",
            "47291662-44ae-48d1-b2c3-50119b07d075",
            "64396a16-2f3e-4e46-881a-1e95f4f6550a"
          ],
          "failures": [],
          "pending": [],
          "skipped": [],
          "duration": 4640,
          "root": false,
          "rootEmpty": false,
          "_timeout": 2000
        }
      ],
      "passes": [],
      "failures": [],
      "pending": [],
      "skipped": [],
      "duration": 0,
      "root": true,
      "rootEmpty": true,
      "_timeout": 2000
    }
  ],
  "meta": {
    "mocha": {
      "version": "7.0.1"
    },
    "mochawesome": {
      "options": {
        "quiet": false,
        "reportFilename": "mochawesome",
        "saveHtml": false,
        "saveJson": true,
        "consoleReporter": "spec",
        "useInlineDiffs": false,
        "code": true
      },
      "version": "6.1.1"
    },
    "marge": {
      "options": {
        "reportDir": "cypress/results",
        "overwrite": false,
        "html": false,
        "json": true
      },
      "version": "5.1.0"
    }
  }
}