{
  "stats": {
    "suites": 13,
    "tests": 72,
    "passes": 71,
    "pending": 0,
    "failures": 1,
    "start": "2020-08-29T21:21:00.236Z",
    "end": "2020-08-29T21:21:50.723Z",
    "duration": 50487,
    "testsRegistered": 72,
    "passPercent": 98.61111111111111,
    "pendingPercent": 0,
    "other": 0,
    "hasOther": false,
    "skipped": 0,
    "hasSkipped": false
  },
  "results": [
    {
      "uuid": "acc8be8e-be64-4bf5-95a4-725fa5c9155b",
      "title": "",
      "fullFile": "cypress/integration/relevant.spec.js",
      "file": "cypress/integration/relevant.spec.js",
      "beforeHooks": [],
      "afterHooks": [],
      "tests": [],
      "suites": [
        {
          "uuid": "5d817027-8277-4731-9fc6-3120d5df4223",
          "title": "Open Liferay",
          "fullFile": "",
          "file": "",
          "beforeHooks": [],
          "afterHooks": [],
          "tests": [
            {
              "title": "should open portal and sign-in",
              "fullTitle": "Open Liferay should open portal and sign-in",
              "timedOut": null,
              "duration": 3481,
              "state": "passed",
              "speed": "slow",
              "pass": true,
              "fail": false,
              "pending": false,
              "context": null,
              "code": "cy.visit('http://localhost:8080');\ncy.get('span.sign-in a').click();\ncy.get('#_com_liferay_login_web_portlet_LoginPortlet_login').clear().type('test@liferay.com');\ncy.get('#_com_liferay_login_web_portlet_LoginPortlet_password').type('test');\ncy.get('.button-holder button').click();",
              "err": {},
              "uuid": "545ce04c-4f20-4be6-bb9b-9edfe43c2de7",
              "parentUUID": "5d817027-8277-4731-9fc6-3120d5df4223",
              "isHook": false,
              "skipped": false
            }
          ],
          "suites": [],
          "passes": [
            "545ce04c-4f20-4be6-bb9b-9edfe43c2de7"
          ],
          "failures": [],
          "pending": [],
          "skipped": [],
          "duration": 3481,
          "root": false,
          "rootEmpty": false,
          "_timeout": 2000
        },
        {
          "uuid": "89084583-5dba-4ff7-bcf2-a6a5e510db22",
          "title": "Object",
          "fullFile": "",
          "file": "",
          "beforeHooks": [],
          "afterHooks": [],
          "tests": [
            {
              "title": "Navigate to Object",
              "fullTitle": "Object Navigate to Object",
              "timedOut": null,
              "duration": 3635,
              "state": "passed",
              "speed": "slow",
              "pass": true,
              "fail": false,
              "pending": false,
              "context": null,
              "code": "cy.visit(_this3.constants.object);",
              "err": {},
              "uuid": "5cab3cd8-4d06-41b2-b156-d83b6c5c365f",
              "parentUUID": "89084583-5dba-4ff7-bcf2-a6a5e510db22",
              "isHook": false,
              "skipped": false
            },
            {
              "title": "Should delete all Objects",
              "fullTitle": "Object Should delete all Objects",
              "timedOut": null,
              "duration": 277,
              "state": "passed",
              "speed": "slow",
              "pass": true,
              "fail": false,
              "pending": false,
              "context": null,
              "code": "_this3.deleteAllObjects();",
              "err": {},
              "uuid": "ed4f7aa1-e709-4e34-afa7-ee129d78970f",
              "parentUUID": "89084583-5dba-4ff7-bcf2-a6a5e510db22",
              "isHook": false,
              "skipped": false
            },
            {
              "title": "should create an custom object and go to form view",
              "fullTitle": "Object should create an custom object and go to form view",
              "timedOut": null,
              "duration": 802,
              "state": "passed",
              "speed": "slow",
              "pass": true,
              "fail": false,
              "pending": false,
              "context": null,
              "code": "_this3.createAnObject();",
              "err": {},
              "uuid": "5fdcd1ce-15b3-4782-8651-81de6943099a",
              "parentUUID": "89084583-5dba-4ff7-bcf2-a6a5e510db22",
              "isHook": false,
              "skipped": false
            }
          ],
          "suites": [
            {
              "uuid": "4e094b61-2c95-497f-a4c3-4d295e9a35a4",
              "title": "run FormView pipeline",
              "fullFile": "",
              "file": "",
              "beforeHooks": [],
              "afterHooks": [],
              "tests": [],
              "suites": [
                {
                  "uuid": "789656df-b6e5-457b-a2fe-601942613cf8",
                  "title": "AppBuilder - FormView",
                  "fullFile": "",
                  "file": "",
                  "beforeHooks": [],
                  "afterHooks": [],
                  "tests": [
                    {
                      "title": "Verify if title is empty and fill value",
                      "fullTitle": "Object run FormView pipeline AppBuilder - FormView Verify if title is empty and fill value",
                      "timedOut": null,
                      "duration": 7185,
                      "state": "passed",
                      "speed": "slow",
                      "pass": true,
                      "fail": false,
                      "pending": false,
                      "context": null,
                      "code": "cy.get('.app-builder-upper-toolbar').within(function () {\n  cy.get('input').should('be.empty').type(\"Liferay FormView \".concat(_this2.faker.random.number()));\n});",
                      "err": {},
                      "uuid": "628ea616-fd0a-4317-809f-fb746ad8a191",
                      "parentUUID": "789656df-b6e5-457b-a2fe-601942613cf8",
                      "isHook": false,
                      "skipped": false
                    },
                    {
                      "title": "Verify if default language is en-US",
                      "fullTitle": "Object run FormView pipeline AppBuilder - FormView Verify if default language is en-US",
                      "timedOut": null,
                      "duration": 158,
                      "state": "passed",
                      "speed": "slow",
                      "pass": true,
                      "fail": false,
                      "pending": false,
                      "context": null,
                      "code": "cy.get('.localizable-dropdown .btn-section').contains(_this2.constants.languageId);",
                      "err": {},
                      "uuid": "f1169245-1c02-477a-b2bb-6c86b5a9818c",
                      "parentUUID": "789656df-b6e5-457b-a2fe-601942613cf8",
                      "isHook": false,
                      "skipped": false
                    }
                  ],
                  "suites": [
                    {
                      "uuid": "4429aafd-8de6-4299-a726-dc35852269d2",
                      "title": "Sidebar Left",
                      "fullFile": "",
                      "file": "",
                      "beforeHooks": [],
                      "afterHooks": [],
                      "tests": [
                        {
                          "title": "Object name should be shown",
                          "fullTitle": "Object run FormView pipeline AppBuilder - FormView Sidebar Left Object name should be shown",
                          "timedOut": null,
                          "duration": 156,
                          "state": "passed",
                          "speed": "slow",
                          "pass": true,
                          "fail": false,
                          "pending": false,
                          "context": null,
                          "code": "cy.get('.data-layout-builder-sidebar form h3').contains(_this3.config.objectName);",
                          "err": {},
                          "uuid": "b1f80beb-9392-4075-80ec-aec9a2754ff6",
                          "parentUUID": "4429aafd-8de6-4299-a726-dc35852269d2",
                          "isHook": false,
                          "skipped": false
                        },
                        {
                          "title": "Should show empty state",
                          "fullTitle": "Object run FormView pipeline AppBuilder - FormView Sidebar Left Should show empty state",
                          "timedOut": null,
                          "duration": 158,
                          "state": "passed",
                          "speed": "slow",
                          "pass": true,
                          "fail": false,
                          "pending": false,
                          "context": null,
                          "code": "cy.get('.empty.sidebar-body').should('be.visible');",
                          "err": {},
                          "uuid": "f3733f17-9611-48b0-8c75-33bdecc6e409",
                          "parentUUID": "4429aafd-8de6-4299-a726-dc35852269d2",
                          "isHook": false,
                          "skipped": false
                        },
                        {
                          "title": "Add Text on Sidebar",
                          "fullTitle": "Object run FormView pipeline AppBuilder - FormView Sidebar Left Add Text on Sidebar",
                          "timedOut": null,
                          "duration": 477,
                          "state": "passed",
                          "speed": "slow",
                          "pass": true,
                          "fail": false,
                          "pending": false,
                          "context": null,
                          "code": "cy.get('.custom-object-dropdown button').click();\ncy.get('.custom-object-dropdown-menu.show').within(function () {\n  cy.get('button').eq(index).click();\n});\ncy.get('.sidebar-body .custom-object-field').eq(index).contains(field);\ncy.get('div[data-field-name=\"label\"] input').should('have.value', field);",
                          "err": {},
                          "uuid": "a295c108-5993-471b-ab9f-78cdebedcbb8",
                          "parentUUID": "4429aafd-8de6-4299-a726-dc35852269d2",
                          "isHook": false,
                          "skipped": false
                        },
                        {
                          "title": "Add Select from List on Sidebar",
                          "fullTitle": "Object run FormView pipeline AppBuilder - FormView Sidebar Left Add Select from List on Sidebar",
                          "timedOut": null,
                          "duration": 402,
                          "state": "passed",
                          "speed": "slow",
                          "pass": true,
                          "fail": false,
                          "pending": false,
                          "context": null,
                          "code": "cy.get('.custom-object-dropdown button').click();\ncy.get('.custom-object-dropdown-menu.show').within(function () {\n  cy.get('button').eq(index).click();\n});\ncy.get('.sidebar-body .custom-object-field').eq(index).contains(field);\ncy.get('div[data-field-name=\"label\"] input').should('have.value', field);",
                          "err": {},
                          "uuid": "4af0a017-6fb0-4d2f-ac69-1accf17a2a17",
                          "parentUUID": "4429aafd-8de6-4299-a726-dc35852269d2",
                          "isHook": false,
                          "skipped": false
                        },
                        {
                          "title": "Add Single Selection on Sidebar",
                          "fullTitle": "Object run FormView pipeline AppBuilder - FormView Sidebar Left Add Single Selection on Sidebar",
                          "timedOut": null,
                          "duration": 408,
                          "state": "passed",
                          "speed": "slow",
                          "pass": true,
                          "fail": false,
                          "pending": false,
                          "context": null,
                          "code": "cy.get('.custom-object-dropdown button').click();\ncy.get('.custom-object-dropdown-menu.show').within(function () {\n  cy.get('button').eq(index).click();\n});\ncy.get('.sidebar-body .custom-object-field').eq(index).contains(field);\ncy.get('div[data-field-name=\"label\"] input').should('have.value', field);",
                          "err": {},
                          "uuid": "ac3900ee-93f8-427a-957a-0972e2bfde8a",
                          "parentUUID": "4429aafd-8de6-4299-a726-dc35852269d2",
                          "isHook": false,
                          "skipped": false
                        },
                        {
                          "title": "Add Multiple Selection on Sidebar",
                          "fullTitle": "Object run FormView pipeline AppBuilder - FormView Sidebar Left Add Multiple Selection on Sidebar",
                          "timedOut": null,
                          "duration": 436,
                          "state": "passed",
                          "speed": "slow",
                          "pass": true,
                          "fail": false,
                          "pending": false,
                          "context": null,
                          "code": "cy.get('.custom-object-dropdown button').click();\ncy.get('.custom-object-dropdown-menu.show').within(function () {\n  cy.get('button').eq(index).click();\n});\ncy.get('.sidebar-body .custom-object-field').eq(index).contains(field);\ncy.get('div[data-field-name=\"label\"] input').should('have.value', field);",
                          "err": {},
                          "uuid": "202b7917-dc0d-4ded-b340-d1dcaeb004ce",
                          "parentUUID": "4429aafd-8de6-4299-a726-dc35852269d2",
                          "isHook": false,
                          "skipped": false
                        },
                        {
                          "title": "Add Date on Sidebar",
                          "fullTitle": "Object run FormView pipeline AppBuilder - FormView Sidebar Left Add Date on Sidebar",
                          "timedOut": null,
                          "duration": 469,
                          "state": "passed",
                          "speed": "slow",
                          "pass": true,
                          "fail": false,
                          "pending": false,
                          "context": null,
                          "code": "cy.get('.custom-object-dropdown button').click();\ncy.get('.custom-object-dropdown-menu.show').within(function () {\n  cy.get('button').eq(index).click();\n});\ncy.get('.sidebar-body .custom-object-field').eq(index).contains(field);\ncy.get('div[data-field-name=\"label\"] input').should('have.value', field);",
                          "err": {},
                          "uuid": "d7f24e45-c62c-4757-8340-cd726c1fa078",
                          "parentUUID": "4429aafd-8de6-4299-a726-dc35852269d2",
                          "isHook": false,
                          "skipped": false
                        },
                        {
                          "title": "Add Numeric on Sidebar",
                          "fullTitle": "Object run FormView pipeline AppBuilder - FormView Sidebar Left Add Numeric on Sidebar",
                          "timedOut": null,
                          "duration": 442,
                          "state": "passed",
                          "speed": "slow",
                          "pass": true,
                          "fail": false,
                          "pending": false,
                          "context": null,
                          "code": "cy.get('.custom-object-dropdown button').click();\ncy.get('.custom-object-dropdown-menu.show').within(function () {\n  cy.get('button').eq(index).click();\n});\ncy.get('.sidebar-body .custom-object-field').eq(index).contains(field);\ncy.get('div[data-field-name=\"label\"] input').should('have.value', field);",
                          "err": {},
                          "uuid": "3aed161d-1989-4d5b-b3cf-367e42abd424",
                          "parentUUID": "4429aafd-8de6-4299-a726-dc35852269d2",
                          "isHook": false,
                          "skipped": false
                        },
                        {
                          "title": "Add Fields Group on Sidebar",
                          "fullTitle": "Object run FormView pipeline AppBuilder - FormView Sidebar Left Add Fields Group on Sidebar",
                          "timedOut": null,
                          "duration": 417,
                          "state": "passed",
                          "speed": "slow",
                          "pass": true,
                          "fail": false,
                          "pending": false,
                          "context": null,
                          "code": "cy.get('.custom-object-dropdown button').click();\ncy.get('.custom-object-dropdown-menu.show').within(function () {\n  cy.get('button').eq(index).click();\n});\ncy.get('.sidebar-body .custom-object-field').eq(index).contains(field);\ncy.get('div[data-field-name=\"label\"] input').should('have.value', field);",
                          "err": {},
                          "uuid": "0dadca56-d179-4e4e-9459-9cb589a2e183",
                          "parentUUID": "4429aafd-8de6-4299-a726-dc35852269d2",
                          "isHook": false,
                          "skipped": false
                        },
                        {
                          "title": "Add Upload on Sidebar",
                          "fullTitle": "Object run FormView pipeline AppBuilder - FormView Sidebar Left Add Upload on Sidebar",
                          "timedOut": null,
                          "duration": 369,
                          "state": "passed",
                          "speed": "slow",
                          "pass": true,
                          "fail": false,
                          "pending": false,
                          "context": null,
                          "code": "cy.get('.custom-object-dropdown button').click();\ncy.get('.custom-object-dropdown-menu.show').within(function () {\n  cy.get('button').eq(index).click();\n});\ncy.get('.sidebar-body .custom-object-field').eq(index).contains(field);\ncy.get('div[data-field-name=\"label\"] input').should('have.value', field);",
                          "err": {},
                          "uuid": "3862229c-268c-4801-b1da-8f4c8d97d439",
                          "parentUUID": "4429aafd-8de6-4299-a726-dc35852269d2",
                          "isHook": false,
                          "skipped": false
                        },
                        {
                          "title": "Should have 8 Types on The List",
                          "fullTitle": "Object run FormView pipeline AppBuilder - FormView Sidebar Left Should have 8 Types on The List",
                          "timedOut": null,
                          "duration": 186,
                          "state": "passed",
                          "speed": "slow",
                          "pass": true,
                          "fail": false,
                          "pending": false,
                          "context": null,
                          "code": "cy.get('.sidebar-body .custom-object-field').should('have.length', _this3.constants.fieldTypes.length);",
                          "err": {},
                          "uuid": "fb72bb5d-c5d2-4550-9c83-9390224af9b6",
                          "parentUUID": "4429aafd-8de6-4299-a726-dc35852269d2",
                          "isHook": false,
                          "skipped": false
                        },
                        {
                          "title": "Should search for Liferay and found nothing",
                          "fullTitle": "Object run FormView pipeline AppBuilder - FormView Sidebar Left Should search for Liferay and found nothing",
                          "timedOut": null,
                          "duration": 445,
                          "state": "passed",
                          "speed": "slow",
                          "pass": true,
                          "fail": false,
                          "pending": false,
                          "context": null,
                          "code": "cy.get('.custom-object-sidebar-header').within(function () {\n  cy.get('button').eq(0).click();\n  cy.get('input').should('not.have.value').type('Liferay').should('have.value', 'Liferay').as('input-search');\n});\ncy.get('.sidebar-body .custom-object-field').should('have.length', 0);",
                          "err": {},
                          "uuid": "d957cf75-d70d-4fc4-9ca4-aaf1ad90f8b5",
                          "parentUUID": "4429aafd-8de6-4299-a726-dc35852269d2",
                          "isHook": false,
                          "skipped": false
                        },
                        {
                          "title": "Should search for Text and found matching value",
                          "fullTitle": "Object run FormView pipeline AppBuilder - FormView Sidebar Left Should search for Text and found matching value",
                          "timedOut": null,
                          "duration": 355,
                          "state": "passed",
                          "speed": "slow",
                          "pass": true,
                          "fail": false,
                          "pending": false,
                          "context": null,
                          "code": "cy.get('.custom-object-sidebar-header input').clear().type(firstFieldType.name).should('have.value', firstFieldType.name);\ncy.get('.sidebar-body .custom-object-field').should('have.length', 1);",
                          "err": {},
                          "uuid": "a02e25f7-1e2b-495e-86a4-234178e23106",
                          "parentUUID": "4429aafd-8de6-4299-a726-dc35852269d2",
                          "isHook": false,
                          "skipped": false
                        },
                        {
                          "title": "Should back to list FieldTypes",
                          "fullTitle": "Object run FormView pipeline AppBuilder - FormView Sidebar Left Should back to list FieldTypes",
                          "timedOut": null,
                          "duration": 260,
                          "state": "passed",
                          "speed": "slow",
                          "pass": true,
                          "fail": false,
                          "pending": false,
                          "context": null,
                          "code": "cy.get('.custom-object-sidebar-header').within(function () {\n  cy.get('button').eq(1).click();\n});",
                          "err": {},
                          "uuid": "62c70473-334b-429b-a8b8-5a53d24ea40f",
                          "parentUUID": "4429aafd-8de6-4299-a726-dc35852269d2",
                          "isHook": false,
                          "skipped": false
                        },
                        {
                          "title": "Should remote all fields from object",
                          "fullTitle": "Object run FormView pipeline AppBuilder - FormView Sidebar Left Should remote all fields from object",
                          "timedOut": null,
                          "duration": 6466,
                          "state": "failed",
                          "speed": null,
                          "pass": false,
                          "fail": true,
                          "pending": false,
                          "context": null,
                          "code": "_this3._deleteAllFieldsFromObject();",
                          "err": {
                            "message": "AssertionError: Timed out retrying: Expected to find element: `.modal.show button.btn-primary`, but never found it.",
                            "estack": "AssertionError: Timed out retrying: Expected to find element: `.modal.show button.btn-primary`, but never found it.\n    at Context.eval (http://localhost:8080/__cypress/tests?p=cypress/integration/relevant.spec.js:476:12)",
                            "diff": null
                          },
                          "uuid": "f540b93c-32f6-481e-93eb-27eb52767e81",
                          "parentUUID": "4429aafd-8de6-4299-a726-dc35852269d2",
                          "isHook": false,
                          "skipped": false
                        }
                      ],
                      "suites": [],
                      "passes": [
                        "b1f80beb-9392-4075-80ec-aec9a2754ff6",
                        "f3733f17-9611-48b0-8c75-33bdecc6e409",
                        "a295c108-5993-471b-ab9f-78cdebedcbb8",
                        "4af0a017-6fb0-4d2f-ac69-1accf17a2a17",
                        "ac3900ee-93f8-427a-957a-0972e2bfde8a",
                        "202b7917-dc0d-4ded-b340-d1dcaeb004ce",
                        "d7f24e45-c62c-4757-8340-cd726c1fa078",
                        "3aed161d-1989-4d5b-b3cf-367e42abd424",
                        "0dadca56-d179-4e4e-9459-9cb589a2e183",
                        "3862229c-268c-4801-b1da-8f4c8d97d439",
                        "fb72bb5d-c5d2-4550-9c83-9390224af9b6",
                        "d957cf75-d70d-4fc4-9ca4-aaf1ad90f8b5",
                        "a02e25f7-1e2b-495e-86a4-234178e23106",
                        "62c70473-334b-429b-a8b8-5a53d24ea40f"
                      ],
                      "failures": [
                        "f540b93c-32f6-481e-93eb-27eb52767e81"
                      ],
                      "pending": [],
                      "skipped": [],
                      "duration": 11446,
                      "root": false,
                      "rootEmpty": false,
                      "_timeout": 2000
                    },
                    {
                      "uuid": "5a430779-023e-46f4-8b0c-06b49fce4acf",
                      "title": "Sidebar Right",
                      "fullFile": "",
                      "file": "",
                      "beforeHooks": [],
                      "afterHooks": [],
                      "tests": [
                        {
                          "title": "Search for Liferay as Field and Found Nothing",
                          "fullTitle": "Object run FormView pipeline AppBuilder - FormView Sidebar Right Search for Liferay as Field and Found Nothing",
                          "timedOut": null,
                          "duration": 483,
                          "state": "passed",
                          "speed": "slow",
                          "pass": true,
                          "fail": false,
                          "pending": false,
                          "context": null,
                          "code": "cy.get('.sidebar-header input').as('search-input').should('be.empty').type('Liferay').should('have.value', 'Liferay');\ncy.get('.tab-pane .field-type').should('not.exist');\ncy.get('@search-input').clear();",
                          "err": {},
                          "uuid": "9a449840-317b-425b-841f-2e6656dec70b",
                          "parentUUID": "5a430779-023e-46f4-8b0c-06b49fce4acf",
                          "isHook": false,
                          "skipped": false
                        }
                      ],
                      "suites": [
                        {
                          "uuid": "9e22e3ca-d901-4ec9-8141-56ea7cdc90e7",
                          "title": "Add Text Field and Fill Values",
                          "fullFile": "",
                          "file": "",
                          "beforeHooks": [],
                          "afterHooks": [],
                          "tests": [
                            {
                              "title": "add field on DataLayout",
                              "fullTitle": "Object run FormView pipeline AppBuilder - FormView Sidebar Right Add Text Field and Fill Values add field on DataLayout",
                              "timedOut": null,
                              "duration": 265,
                              "state": "passed",
                              "speed": "slow",
                              "pass": true,
                              "fail": false,
                              "pending": false,
                              "context": null,
                              "code": "cy.get(\"[data-field-type-name=\\\"\".concat(type, \"\\\"]\")).dblclick();\ncy.get('div[data-field-name=\"label\"] input').should('have.value', name);",
                              "err": {},
                              "uuid": "dbd230b9-de1a-4884-adef-9ecf4527ac51",
                              "parentUUID": "9e22e3ca-d901-4ec9-8141-56ea7cdc90e7",
                              "isHook": false,
                              "skipped": false
                            },
                            {
                              "title": "Typing [School Name] on [Label]",
                              "fullTitle": "Object run FormView pipeline AppBuilder - FormView Sidebar Right Add Text Field and Fill Values Typing [School Name] on [Label]",
                              "timedOut": null,
                              "duration": 473,
                              "state": "passed",
                              "speed": "slow",
                              "pass": true,
                              "fail": false,
                              "pending": false,
                              "context": null,
                              "code": "cy.get(\"\".concat(ddmLabel, \" input\")).should('have.value', field.name).clear().type(label).should('have.value', label);",
                              "err": {},
                              "uuid": "7d459c7a-3337-43a7-b1a2-3c960835a336",
                              "parentUUID": "9e22e3ca-d901-4ec9-8141-56ea7cdc90e7",
                              "isHook": false,
                              "skipped": false
                            },
                            {
                              "title": "Typing [School name here] on [placeholder]",
                              "fullTitle": "Object run FormView pipeline AppBuilder - FormView Sidebar Right Add Text Field and Fill Values Typing [School name here] on [placeholder]",
                              "timedOut": null,
                              "duration": 551,
                              "state": "passed",
                              "speed": "slow",
                              "pass": true,
                              "fail": false,
                              "pending": false,
                              "context": null,
                              "code": "cy.get(\"\".concat(selector, \" input\")).should('not.have.value').type(value).should('have.value', value);",
                              "err": {},
                              "uuid": "c63eb9d6-4044-482f-9803-a3e0d5cee11f",
                              "parentUUID": "9e22e3ca-d901-4ec9-8141-56ea7cdc90e7",
                              "isHook": false,
                              "skipped": false
                            },
                            {
                              "title": "Typing [Its recommended inform the School Name] on [help]",
                              "fullTitle": "Object run FormView pipeline AppBuilder - FormView Sidebar Right Add Text Field and Fill Values Typing [Its recommended inform the School Name] on [help]",
                              "timedOut": null,
                              "duration": 875,
                              "state": "passed",
                              "speed": "slow",
                              "pass": true,
                              "fail": false,
                              "pending": false,
                              "context": null,
                              "code": "cy.get(\"\".concat(selector, \" input\")).should('not.have.value').type(value).should('have.value', value);",
                              "err": {},
                              "uuid": "44db3e6c-9f3d-4998-b6b2-a7fb086f8470",
                              "parentUUID": "9e22e3ca-d901-4ec9-8141-56ea7cdc90e7",
                              "isHook": false,
                              "skipped": false
                            },
                            {
                              "title": "Marking [multiple] as [checked]",
                              "fullTitle": "Object run FormView pipeline AppBuilder - FormView Sidebar Right Add Text Field and Fill Values Marking [multiple] as [checked]",
                              "timedOut": null,
                              "duration": 344,
                              "state": "passed",
                              "speed": "slow",
                              "pass": true,
                              "fail": false,
                              "pending": false,
                              "context": null,
                              "code": "cy.get(\"\".concat(ddmDisplayStyle)).within(function () {\n  cy.get('input').eq(1).should('not.be.checked').click().should('be.checked');\n});",
                              "err": {},
                              "uuid": "aab6d94b-6a48-4292-b68f-e6d0339ae1d2",
                              "parentUUID": "9e22e3ca-d901-4ec9-8141-56ea7cdc90e7",
                              "isHook": false,
                              "skipped": false
                            },
                            {
                              "title": "Mark [required] as [checked]",
                              "fullTitle": "Object run FormView pipeline AppBuilder - FormView Sidebar Right Add Text Field and Fill Values Mark [required] as [checked]",
                              "timedOut": null,
                              "duration": 352,
                              "state": "passed",
                              "speed": "slow",
                              "pass": true,
                              "fail": false,
                              "pending": false,
                              "context": null,
                              "code": "cy.get(\"\".concat(selector, \" input\")).should('not.be.checked').check().should('be.checked');",
                              "err": {},
                              "uuid": "95cd6041-474b-4db1-b8c2-9b96c0f00cf9",
                              "parentUUID": "9e22e3ca-d901-4ec9-8141-56ea7cdc90e7",
                              "isHook": false,
                              "skipped": false
                            },
                            {
                              "title": "Changing tab",
                              "fullTitle": "Object run FormView pipeline AppBuilder - FormView Sidebar Right Add Text Field and Fill Values Changing tab",
                              "timedOut": null,
                              "duration": 324,
                              "state": "passed",
                              "speed": "slow",
                              "pass": true,
                              "fail": false,
                              "pending": false,
                              "context": null,
                              "code": "cy.get('.component-tbar.ddm-form-tabs.tbar li').eq(index).click();",
                              "err": {},
                              "uuid": "3a6777a2-c5a6-47f4-92a9-eacd7d8dde2e",
                              "parentUUID": "9e22e3ca-d901-4ec9-8141-56ea7cdc90e7",
                              "isHook": false,
                              "skipped": false
                            },
                            {
                              "title": "Typing [Keven] on [predefinedValue]",
                              "fullTitle": "Object run FormView pipeline AppBuilder - FormView Sidebar Right Add Text Field and Fill Values Typing [Keven] on [predefinedValue]",
                              "timedOut": null,
                              "duration": 314,
                              "state": "passed",
                              "speed": "slow",
                              "pass": true,
                              "fail": false,
                              "pending": false,
                              "context": null,
                              "code": "cy.get(\"\".concat(selector, \" input\")).should('not.have.value').type(value).should('have.value', value);",
                              "err": {},
                              "uuid": "4278e60b-e4fa-4d70-878f-28eec25f7bb2",
                              "parentUUID": "9e22e3ca-d901-4ec9-8141-56ea7cdc90e7",
                              "isHook": false,
                              "skipped": false
                            },
                            {
                              "title": "Mark [repeatable] as [checked]",
                              "fullTitle": "Object run FormView pipeline AppBuilder - FormView Sidebar Right Add Text Field and Fill Values Mark [repeatable] as [checked]",
                              "timedOut": null,
                              "duration": 299,
                              "state": "passed",
                              "speed": "slow",
                              "pass": true,
                              "fail": false,
                              "pending": false,
                              "context": null,
                              "code": "cy.get(\"\".concat(selector, \" input\")).should('not.be.checked').check().should('be.checked');",
                              "err": {},
                              "uuid": "69fafa63-3736-4a85-9dba-081404463c42",
                              "parentUUID": "9e22e3ca-d901-4ec9-8141-56ea7cdc90e7",
                              "isHook": false,
                              "skipped": false
                            },
                            {
                              "title": "Dispose",
                              "fullTitle": "Object run FormView pipeline AppBuilder - FormView Sidebar Right Add Text Field and Fill Values Dispose",
                              "timedOut": null,
                              "duration": 336,
                              "state": "passed",
                              "speed": "slow",
                              "pass": true,
                              "fail": false,
                              "pending": false,
                              "context": null,
                              "code": "cy.get('.sidebar-header button').eq(0).click();",
                              "err": {},
                              "uuid": "721ab078-5d6d-46bb-be96-9fd4216544da",
                              "parentUUID": "9e22e3ca-d901-4ec9-8141-56ea7cdc90e7",
                              "isHook": false,
                              "skipped": false
                            }
                          ],
                          "suites": [],
                          "passes": [
                            "dbd230b9-de1a-4884-adef-9ecf4527ac51",
                            "7d459c7a-3337-43a7-b1a2-3c960835a336",
                            "c63eb9d6-4044-482f-9803-a3e0d5cee11f",
                            "44db3e6c-9f3d-4998-b6b2-a7fb086f8470",
                            "aab6d94b-6a48-4292-b68f-e6d0339ae1d2",
                            "95cd6041-474b-4db1-b8c2-9b96c0f00cf9",
                            "3a6777a2-c5a6-47f4-92a9-eacd7d8dde2e",
                            "4278e60b-e4fa-4d70-878f-28eec25f7bb2",
                            "69fafa63-3736-4a85-9dba-081404463c42",
                            "721ab078-5d6d-46bb-be96-9fd4216544da"
                          ],
                          "failures": [],
                          "pending": [],
                          "skipped": [],
                          "duration": 4133,
                          "root": false,
                          "rootEmpty": false,
                          "_timeout": 2000
                        },
                        {
                          "uuid": "c9787f34-e28a-4062-844f-9a6e996d02e9",
                          "title": "Add Select from List Field and Fill Values",
                          "fullFile": "",
                          "file": "",
                          "beforeHooks": [],
                          "afterHooks": [],
                          "tests": [
                            {
                              "title": "add field on DataLayout",
                              "fullTitle": "Object run FormView pipeline AppBuilder - FormView Sidebar Right Add Select from List Field and Fill Values add field on DataLayout",
                              "timedOut": null,
                              "duration": 255,
                              "state": "passed",
                              "speed": "slow",
                              "pass": true,
                              "fail": false,
                              "pending": false,
                              "context": null,
                              "code": "cy.get(\"[data-field-type-name=\\\"\".concat(type, \"\\\"]\")).dblclick();\ncy.get('div[data-field-name=\"label\"] input').should('have.value', name);",
                              "err": {},
                              "uuid": "35e5fe9a-84d2-4d87-a6db-ebd0007476e9",
                              "parentUUID": "c9787f34-e28a-4062-844f-9a6e996d02e9",
                              "isHook": false,
                              "skipped": false
                            },
                            {
                              "title": "Typing [School Grade] on [Label]",
                              "fullTitle": "Object run FormView pipeline AppBuilder - FormView Sidebar Right Add Select from List Field and Fill Values Typing [School Grade] on [Label]",
                              "timedOut": null,
                              "duration": 518,
                              "state": "passed",
                              "speed": "slow",
                              "pass": true,
                              "fail": false,
                              "pending": false,
                              "context": null,
                              "code": "cy.get(\"\".concat(ddmLabel, \" input\")).should('have.value', field.name).clear().type(label).should('have.value', label);",
                              "err": {},
                              "uuid": "bf9818c0-ce11-4452-97d1-bb4bbcf70fb0",
                              "parentUUID": "c9787f34-e28a-4062-844f-9a6e996d02e9",
                              "isHook": false,
                              "skipped": false
                            },
                            {
                              "title": "Typing [Student Grade] on [help]",
                              "fullTitle": "Object run FormView pipeline AppBuilder - FormView Sidebar Right Add Select from List Field and Fill Values Typing [Student Grade] on [help]",
                              "timedOut": null,
                              "duration": 537,
                              "state": "passed",
                              "speed": "slow",
                              "pass": true,
                              "fail": false,
                              "pending": false,
                              "context": null,
                              "code": "cy.get(\"\".concat(selector, \" input\")).should('not.have.value').type(value).should('have.value', value);",
                              "err": {},
                              "uuid": "ff237791-3929-414f-9ccd-729fe1e2a5ec",
                              "parentUUID": "c9787f34-e28a-4062-844f-9a6e996d02e9",
                              "isHook": false,
                              "skipped": false
                            },
                            {
                              "title": "Mark [required] as [checked]",
                              "fullTitle": "Object run FormView pipeline AppBuilder - FormView Sidebar Right Add Select from List Field and Fill Values Mark [required] as [checked]",
                              "timedOut": null,
                              "duration": 304,
                              "state": "passed",
                              "speed": "slow",
                              "pass": true,
                              "fail": false,
                              "pending": false,
                              "context": null,
                              "code": "cy.get(\"\".concat(selector, \" input\")).should('not.be.checked').check().should('be.checked');",
                              "err": {},
                              "uuid": "d0f7a532-3734-48a9-9d6a-a84c6d3f4070",
                              "parentUUID": "c9787f34-e28a-4062-844f-9a6e996d02e9",
                              "isHook": false,
                              "skipped": false
                            },
                            {
                              "title": "Changing tab",
                              "fullTitle": "Object run FormView pipeline AppBuilder - FormView Sidebar Right Add Select from List Field and Fill Values Changing tab",
                              "timedOut": null,
                              "duration": 303,
                              "state": "passed",
                              "speed": "slow",
                              "pass": true,
                              "fail": false,
                              "pending": false,
                              "context": null,
                              "code": "cy.get('.component-tbar.ddm-form-tabs.tbar li').eq(index).click();",
                              "err": {},
                              "uuid": "4bc19390-9fa9-414d-9225-1575305696ee",
                              "parentUUID": "c9787f34-e28a-4062-844f-9a6e996d02e9",
                              "isHook": false,
                              "skipped": false
                            },
                            {
                              "title": "Mark [repeatable] as [checked]",
                              "fullTitle": "Object run FormView pipeline AppBuilder - FormView Sidebar Right Add Select from List Field and Fill Values Mark [repeatable] as [checked]",
                              "timedOut": null,
                              "duration": 282,
                              "state": "passed",
                              "speed": "slow",
                              "pass": true,
                              "fail": false,
                              "pending": false,
                              "context": null,
                              "code": "cy.get(\"\".concat(selector, \" input\")).should('not.be.checked').check().should('be.checked');",
                              "err": {},
                              "uuid": "6d338453-a39f-4e37-baa4-e642a8d2ec5c",
                              "parentUUID": "c9787f34-e28a-4062-844f-9a6e996d02e9",
                              "isHook": false,
                              "skipped": false
                            },
                            {
                              "title": "Mark [multiple] as [checked]",
                              "fullTitle": "Object run FormView pipeline AppBuilder - FormView Sidebar Right Add Select from List Field and Fill Values Mark [multiple] as [checked]",
                              "timedOut": null,
                              "duration": 292,
                              "state": "passed",
                              "speed": "slow",
                              "pass": true,
                              "fail": false,
                              "pending": false,
                              "context": null,
                              "code": "cy.get(\"\".concat(selector, \" input\")).should('not.be.checked').check().should('be.checked');",
                              "err": {},
                              "uuid": "149e7bfb-73cd-4c62-9c5a-4118caac5bd1",
                              "parentUUID": "c9787f34-e28a-4062-844f-9a6e996d02e9",
                              "isHook": false,
                              "skipped": false
                            },
                            {
                              "title": "Dispose",
                              "fullTitle": "Object run FormView pipeline AppBuilder - FormView Sidebar Right Add Select from List Field and Fill Values Dispose",
                              "timedOut": null,
                              "duration": 280,
                              "state": "passed",
                              "speed": "slow",
                              "pass": true,
                              "fail": false,
                              "pending": false,
                              "context": null,
                              "code": "cy.get('.sidebar-header button').eq(0).click();",
                              "err": {},
                              "uuid": "302a7268-7903-4927-a70b-2e12819bfcb9",
                              "parentUUID": "c9787f34-e28a-4062-844f-9a6e996d02e9",
                              "isHook": false,
                              "skipped": false
                            }
                          ],
                          "suites": [],
                          "passes": [
                            "35e5fe9a-84d2-4d87-a6db-ebd0007476e9",
                            "bf9818c0-ce11-4452-97d1-bb4bbcf70fb0",
                            "ff237791-3929-414f-9ccd-729fe1e2a5ec",
                            "d0f7a532-3734-48a9-9d6a-a84c6d3f4070",
                            "4bc19390-9fa9-414d-9225-1575305696ee",
                            "6d338453-a39f-4e37-baa4-e642a8d2ec5c",
                            "149e7bfb-73cd-4c62-9c5a-4118caac5bd1",
                            "302a7268-7903-4927-a70b-2e12819bfcb9"
                          ],
                          "failures": [],
                          "pending": [],
                          "skipped": [],
                          "duration": 2771,
                          "root": false,
                          "rootEmpty": false,
                          "_timeout": 2000
                        },
                        {
                          "uuid": "6e44f176-e490-4011-8f23-b996bbe6fea6",
                          "title": "Add Single Selection Field and Fill Values",
                          "fullFile": "",
                          "file": "",
                          "beforeHooks": [],
                          "afterHooks": [],
                          "tests": [
                            {
                              "title": "add field on DataLayout",
                              "fullTitle": "Object run FormView pipeline AppBuilder - FormView Sidebar Right Add Single Selection Field and Fill Values add field on DataLayout",
                              "timedOut": null,
                              "duration": 256,
                              "state": "passed",
                              "speed": "slow",
                              "pass": true,
                              "fail": false,
                              "pending": false,
                              "context": null,
                              "code": "cy.get(\"[data-field-type-name=\\\"\".concat(type, \"\\\"]\")).dblclick();\ncy.get('div[data-field-name=\"label\"] input').should('have.value', name);",
                              "err": {},
                              "uuid": "4642daae-144d-47c8-b464-3af0d184697f",
                              "parentUUID": "6e44f176-e490-4011-8f23-b996bbe6fea6",
                              "isHook": false,
                              "skipped": false
                            },
                            {
                              "title": "Typing [Self Care] on [Label]",
                              "fullTitle": "Object run FormView pipeline AppBuilder - FormView Sidebar Right Add Single Selection Field and Fill Values Typing [Self Care] on [Label]",
                              "timedOut": null,
                              "duration": 489,
                              "state": "passed",
                              "speed": "slow",
                              "pass": true,
                              "fail": false,
                              "pending": false,
                              "context": null,
                              "code": "cy.get(\"\".concat(ddmLabel, \" input\")).should('have.value', field.name).clear().type(label).should('have.value', label);",
                              "err": {},
                              "uuid": "69921e40-9321-4dec-b66c-331845a71cdc",
                              "parentUUID": "6e44f176-e490-4011-8f23-b996bbe6fea6",
                              "isHook": false,
                              "skipped": false
                            },
                            {
                              "title": "Typing [Self Care] on [help]",
                              "fullTitle": "Object run FormView pipeline AppBuilder - FormView Sidebar Right Add Single Selection Field and Fill Values Typing [Self Care] on [help]",
                              "timedOut": null,
                              "duration": 472,
                              "state": "passed",
                              "speed": "slow",
                              "pass": true,
                              "fail": false,
                              "pending": false,
                              "context": null,
                              "code": "cy.get(\"\".concat(selector, \" input\")).should('not.have.value').type(value).should('have.value', value);",
                              "err": {},
                              "uuid": "d5575a87-a7fb-4e66-bea3-f2471c34b723",
                              "parentUUID": "6e44f176-e490-4011-8f23-b996bbe6fea6",
                              "isHook": false,
                              "skipped": false
                            },
                            {
                              "title": "Mark [required] as [checked]",
                              "fullTitle": "Object run FormView pipeline AppBuilder - FormView Sidebar Right Add Single Selection Field and Fill Values Mark [required] as [checked]",
                              "timedOut": null,
                              "duration": 301,
                              "state": "passed",
                              "speed": "slow",
                              "pass": true,
                              "fail": false,
                              "pending": false,
                              "context": null,
                              "code": "cy.get(\"\".concat(selector, \" input\")).should('not.be.checked').check().should('be.checked');",
                              "err": {},
                              "uuid": "b3b44f27-072a-4a40-800b-75da5925376d",
                              "parentUUID": "6e44f176-e490-4011-8f23-b996bbe6fea6",
                              "isHook": false,
                              "skipped": false
                            },
                            {
                              "title": "Changing tab",
                              "fullTitle": "Object run FormView pipeline AppBuilder - FormView Sidebar Right Add Single Selection Field and Fill Values Changing tab",
                              "timedOut": null,
                              "duration": 287,
                              "state": "passed",
                              "speed": "slow",
                              "pass": true,
                              "fail": false,
                              "pending": false,
                              "context": null,
                              "code": "cy.get('.component-tbar.ddm-form-tabs.tbar li').eq(index).click();",
                              "err": {},
                              "uuid": "1e27e0fb-c1ce-4669-9b4b-556999d5fba6",
                              "parentUUID": "6e44f176-e490-4011-8f23-b996bbe6fea6",
                              "isHook": false,
                              "skipped": false
                            },
                            {
                              "title": "Mark [repeatable] as [checked]",
                              "fullTitle": "Object run FormView pipeline AppBuilder - FormView Sidebar Right Add Single Selection Field and Fill Values Mark [repeatable] as [checked]",
                              "timedOut": null,
                              "duration": 267,
                              "state": "passed",
                              "speed": "slow",
                              "pass": true,
                              "fail": false,
                              "pending": false,
                              "context": null,
                              "code": "cy.get(\"\".concat(selector, \" input\")).should('not.be.checked').check().should('be.checked');",
                              "err": {},
                              "uuid": "6d6e409b-3378-4862-93df-3e14aa7050c0",
                              "parentUUID": "6e44f176-e490-4011-8f23-b996bbe6fea6",
                              "isHook": false,
                              "skipped": false
                            },
                            {
                              "title": "Dispose",
                              "fullTitle": "Object run FormView pipeline AppBuilder - FormView Sidebar Right Add Single Selection Field and Fill Values Dispose",
                              "timedOut": null,
                              "duration": 264,
                              "state": "passed",
                              "speed": "slow",
                              "pass": true,
                              "fail": false,
                              "pending": false,
                              "context": null,
                              "code": "cy.get('.sidebar-header button').eq(0).click();",
                              "err": {},
                              "uuid": "f526664b-d20f-422f-8f50-df07419859c7",
                              "parentUUID": "6e44f176-e490-4011-8f23-b996bbe6fea6",
                              "isHook": false,
                              "skipped": false
                            }
                          ],
                          "suites": [],
                          "passes": [
                            "4642daae-144d-47c8-b464-3af0d184697f",
                            "69921e40-9321-4dec-b66c-331845a71cdc",
                            "d5575a87-a7fb-4e66-bea3-f2471c34b723",
                            "b3b44f27-072a-4a40-800b-75da5925376d",
                            "1e27e0fb-c1ce-4669-9b4b-556999d5fba6",
                            "6d6e409b-3378-4862-93df-3e14aa7050c0",
                            "f526664b-d20f-422f-8f50-df07419859c7"
                          ],
                          "failures": [],
                          "pending": [],
                          "skipped": [],
                          "duration": 2336,
                          "root": false,
                          "rootEmpty": false,
                          "_timeout": 2000
                        },
                        {
                          "uuid": "a49708ce-2a2b-4276-8618-68a3a2101233",
                          "title": "Add Multiple Selection Field and Fill Values",
                          "fullFile": "",
                          "file": "",
                          "beforeHooks": [],
                          "afterHooks": [],
                          "tests": [
                            {
                              "title": "add field on DataLayout",
                              "fullTitle": "Object run FormView pipeline AppBuilder - FormView Sidebar Right Add Multiple Selection Field and Fill Values add field on DataLayout",
                              "timedOut": null,
                              "duration": 251,
                              "state": "passed",
                              "speed": "slow",
                              "pass": true,
                              "fail": false,
                              "pending": false,
                              "context": null,
                              "code": "cy.get(\"[data-field-type-name=\\\"\".concat(type, \"\\\"]\")).dblclick();\ncy.get('div[data-field-name=\"label\"] input').should('have.value', name);",
                              "err": {},
                              "uuid": "7dbc660c-e23a-4032-9094-40db630e55e4",
                              "parentUUID": "a49708ce-2a2b-4276-8618-68a3a2101233",
                              "isHook": false,
                              "skipped": false
                            },
                            {
                              "title": "Typing [Basic Toolkit] on [Label]",
                              "fullTitle": "Object run FormView pipeline AppBuilder - FormView Sidebar Right Add Multiple Selection Field and Fill Values Typing [Basic Toolkit] on [Label]",
                              "timedOut": null,
                              "duration": 524,
                              "state": "passed",
                              "speed": "slow",
                              "pass": true,
                              "fail": false,
                              "pending": false,
                              "context": null,
                              "code": "cy.get(\"\".concat(ddmLabel, \" input\")).should('have.value', field.name).clear().type(label).should('have.value', label);",
                              "err": {},
                              "uuid": "2a25658c-31a8-427a-ab40-d281bd2e84dc",
                              "parentUUID": "a49708ce-2a2b-4276-8618-68a3a2101233",
                              "isHook": false,
                              "skipped": false
                            },
                            {
                              "title": "Typing [Basic Toolkit] on [help]",
                              "fullTitle": "Object run FormView pipeline AppBuilder - FormView Sidebar Right Add Multiple Selection Field and Fill Values Typing [Basic Toolkit] on [help]",
                              "timedOut": null,
                              "duration": 515,
                              "state": "passed",
                              "speed": "slow",
                              "pass": true,
                              "fail": false,
                              "pending": false,
                              "context": null,
                              "code": "cy.get(\"\".concat(selector, \" input\")).should('not.have.value').type(value).should('have.value', value);",
                              "err": {},
                              "uuid": "2f5bbce7-c90b-4ba5-a1d1-c28a9b4f82fb",
                              "parentUUID": "a49708ce-2a2b-4276-8618-68a3a2101233",
                              "isHook": false,
                              "skipped": false
                            },
                            {
                              "title": "Mark [required] as [checked]",
                              "fullTitle": "Object run FormView pipeline AppBuilder - FormView Sidebar Right Add Multiple Selection Field and Fill Values Mark [required] as [checked]",
                              "timedOut": null,
                              "duration": 293,
                              "state": "passed",
                              "speed": "slow",
                              "pass": true,
                              "fail": false,
                              "pending": false,
                              "context": null,
                              "code": "cy.get(\"\".concat(selector, \" input\")).should('not.be.checked').check().should('be.checked');",
                              "err": {},
                              "uuid": "5fc2a9fb-1cd5-4f90-b101-673148255653",
                              "parentUUID": "a49708ce-2a2b-4276-8618-68a3a2101233",
                              "isHook": false,
                              "skipped": false
                            },
                            {
                              "title": "Changing tab",
                              "fullTitle": "Object run FormView pipeline AppBuilder - FormView Sidebar Right Add Multiple Selection Field and Fill Values Changing tab",
                              "timedOut": null,
                              "duration": 284,
                              "state": "passed",
                              "speed": "slow",
                              "pass": true,
                              "fail": false,
                              "pending": false,
                              "context": null,
                              "code": "cy.get('.component-tbar.ddm-form-tabs.tbar li').eq(index).click();",
                              "err": {},
                              "uuid": "06b56569-e6f8-4d89-a4bf-296c425e3d2c",
                              "parentUUID": "a49708ce-2a2b-4276-8618-68a3a2101233",
                              "isHook": false,
                              "skipped": false
                            },
                            {
                              "title": "Mark [repeatable] as [checked]",
                              "fullTitle": "Object run FormView pipeline AppBuilder - FormView Sidebar Right Add Multiple Selection Field and Fill Values Mark [repeatable] as [checked]",
                              "timedOut": null,
                              "duration": 269,
                              "state": "passed",
                              "speed": "slow",
                              "pass": true,
                              "fail": false,
                              "pending": false,
                              "context": null,
                              "code": "cy.get(\"\".concat(selector, \" input\")).should('not.be.checked').check().should('be.checked');",
                              "err": {},
                              "uuid": "0cfc9e21-f8c5-445b-b38b-d2e5d7eeee27",
                              "parentUUID": "a49708ce-2a2b-4276-8618-68a3a2101233",
                              "isHook": false,
                              "skipped": false
                            },
                            {
                              "title": "Mark [inline] as [checked]",
                              "fullTitle": "Object run FormView pipeline AppBuilder - FormView Sidebar Right Add Multiple Selection Field and Fill Values Mark [inline] as [checked]",
                              "timedOut": null,
                              "duration": 307,
                              "state": "passed",
                              "speed": "slow",
                              "pass": true,
                              "fail": false,
                              "pending": false,
                              "context": null,
                              "code": "cy.get(\"\".concat(selector, \" input\")).should('not.be.checked').check().should('be.checked');",
                              "err": {},
                              "uuid": "993cce2b-dd83-434b-8337-f70654c67cca",
                              "parentUUID": "a49708ce-2a2b-4276-8618-68a3a2101233",
                              "isHook": false,
                              "skipped": false
                            },
                            {
                              "title": "Dispose",
                              "fullTitle": "Object run FormView pipeline AppBuilder - FormView Sidebar Right Add Multiple Selection Field and Fill Values Dispose",
                              "timedOut": null,
                              "duration": 260,
                              "state": "passed",
                              "speed": "slow",
                              "pass": true,
                              "fail": false,
                              "pending": false,
                              "context": null,
                              "code": "cy.get('.sidebar-header button').eq(0).click();",
                              "err": {},
                              "uuid": "589260f3-59a0-42ba-aad8-661ea981c5e2",
                              "parentUUID": "a49708ce-2a2b-4276-8618-68a3a2101233",
                              "isHook": false,
                              "skipped": false
                            }
                          ],
                          "suites": [],
                          "passes": [
                            "7dbc660c-e23a-4032-9094-40db630e55e4",
                            "2a25658c-31a8-427a-ab40-d281bd2e84dc",
                            "2f5bbce7-c90b-4ba5-a1d1-c28a9b4f82fb",
                            "5fc2a9fb-1cd5-4f90-b101-673148255653",
                            "06b56569-e6f8-4d89-a4bf-296c425e3d2c",
                            "0cfc9e21-f8c5-445b-b38b-d2e5d7eeee27",
                            "993cce2b-dd83-434b-8337-f70654c67cca",
                            "589260f3-59a0-42ba-aad8-661ea981c5e2"
                          ],
                          "failures": [],
                          "pending": [],
                          "skipped": [],
                          "duration": 2703,
                          "root": false,
                          "rootEmpty": false,
                          "_timeout": 2000
                        },
                        {
                          "uuid": "36e3f609-9f82-4f10-ab3c-a674f500b44e",
                          "title": "Add Date Field and Fill Values",
                          "fullFile": "",
                          "file": "",
                          "beforeHooks": [],
                          "afterHooks": [],
                          "tests": [
                            {
                              "title": "add field on DataLayout",
                              "fullTitle": "Object run FormView pipeline AppBuilder - FormView Sidebar Right Add Date Field and Fill Values add field on DataLayout",
                              "timedOut": null,
                              "duration": 255,
                              "state": "passed",
                              "speed": "slow",
                              "pass": true,
                              "fail": false,
                              "pending": false,
                              "context": null,
                              "code": "cy.get(\"[data-field-type-name=\\\"\".concat(type, \"\\\"]\")).dblclick();\ncy.get('div[data-field-name=\"label\"] input').should('have.value', name);",
                              "err": {},
                              "uuid": "d6ee9151-7452-40ea-b62e-686cdd6fadce",
                              "parentUUID": "36e3f609-9f82-4f10-ab3c-a674f500b44e",
                              "isHook": false,
                              "skipped": false
                            },
                            {
                              "title": "Typing [Student Born] on [Label]",
                              "fullTitle": "Object run FormView pipeline AppBuilder - FormView Sidebar Right Add Date Field and Fill Values Typing [Student Born] on [Label]",
                              "timedOut": null,
                              "duration": 491,
                              "state": "passed",
                              "speed": "slow",
                              "pass": true,
                              "fail": false,
                              "pending": false,
                              "context": null,
                              "code": "cy.get(\"\".concat(ddmLabel, \" input\")).should('have.value', field.name).clear().type(label).should('have.value', label);",
                              "err": {},
                              "uuid": "61e15fa0-0c07-45c2-83f6-213b80f4495c",
                              "parentUUID": "36e3f609-9f82-4f10-ab3c-a674f500b44e",
                              "isHook": false,
                              "skipped": false
                            },
                            {
                              "title": "Typing [Student Born Date] on [help]",
                              "fullTitle": "Object run FormView pipeline AppBuilder - FormView Sidebar Right Add Date Field and Fill Values Typing [Student Born Date] on [help]",
                              "timedOut": null,
                              "duration": 572,
                              "state": "passed",
                              "speed": "slow",
                              "pass": true,
                              "fail": false,
                              "pending": false,
                              "context": null,
                              "code": "cy.get(\"\".concat(selector, \" input\")).should('not.have.value').type(value).should('have.value', value);",
                              "err": {},
                              "uuid": "d80fd86a-0b0f-4891-a2db-f4a8ce88859e",
                              "parentUUID": "36e3f609-9f82-4f10-ab3c-a674f500b44e",
                              "isHook": false,
                              "skipped": false
                            },
                            {
                              "title": "Mark [required] as [checked]",
                              "fullTitle": "Object run FormView pipeline AppBuilder - FormView Sidebar Right Add Date Field and Fill Values Mark [required] as [checked]",
                              "timedOut": null,
                              "duration": 314,
                              "state": "passed",
                              "speed": "slow",
                              "pass": true,
                              "fail": false,
                              "pending": false,
                              "context": null,
                              "code": "cy.get(\"\".concat(selector, \" input\")).should('not.be.checked').check().should('be.checked');",
                              "err": {},
                              "uuid": "5fbe7d6c-c61a-4372-a331-e3aad2045591",
                              "parentUUID": "36e3f609-9f82-4f10-ab3c-a674f500b44e",
                              "isHook": false,
                              "skipped": false
                            },
                            {
                              "title": "Changing tab",
                              "fullTitle": "Object run FormView pipeline AppBuilder - FormView Sidebar Right Add Date Field and Fill Values Changing tab",
                              "timedOut": null,
                              "duration": 290,
                              "state": "passed",
                              "speed": "slow",
                              "pass": true,
                              "fail": false,
                              "pending": false,
                              "context": null,
                              "code": "cy.get('.component-tbar.ddm-form-tabs.tbar li').eq(index).click();",
                              "err": {},
                              "uuid": "1c806275-15e1-4ef3-85f5-4d7dbd45e35d",
                              "parentUUID": "36e3f609-9f82-4f10-ab3c-a674f500b44e",
                              "isHook": false,
                              "skipped": false
                            },
                            {
                              "title": "Mark [repeatable] as [checked]",
                              "fullTitle": "Object run FormView pipeline AppBuilder - FormView Sidebar Right Add Date Field and Fill Values Mark [repeatable] as [checked]",
                              "timedOut": null,
                              "duration": 280,
                              "state": "passed",
                              "speed": "slow",
                              "pass": true,
                              "fail": false,
                              "pending": false,
                              "context": null,
                              "code": "cy.get(\"\".concat(selector, \" input\")).should('not.be.checked').check().should('be.checked');",
                              "err": {},
                              "uuid": "9449ec56-6cc5-4c3c-9a65-bd7af392be92",
                              "parentUUID": "36e3f609-9f82-4f10-ab3c-a674f500b44e",
                              "isHook": false,
                              "skipped": false
                            },
                            {
                              "title": "Dispose",
                              "fullTitle": "Object run FormView pipeline AppBuilder - FormView Sidebar Right Add Date Field and Fill Values Dispose",
                              "timedOut": null,
                              "duration": 260,
                              "state": "passed",
                              "speed": "slow",
                              "pass": true,
                              "fail": false,
                              "pending": false,
                              "context": null,
                              "code": "cy.get('.sidebar-header button').eq(0).click();",
                              "err": {},
                              "uuid": "828eef6e-226a-4bfa-aad3-0221f09ab21a",
                              "parentUUID": "36e3f609-9f82-4f10-ab3c-a674f500b44e",
                              "isHook": false,
                              "skipped": false
                            }
                          ],
                          "suites": [],
                          "passes": [
                            "d6ee9151-7452-40ea-b62e-686cdd6fadce",
                            "61e15fa0-0c07-45c2-83f6-213b80f4495c",
                            "d80fd86a-0b0f-4891-a2db-f4a8ce88859e",
                            "5fbe7d6c-c61a-4372-a331-e3aad2045591",
                            "1c806275-15e1-4ef3-85f5-4d7dbd45e35d",
                            "9449ec56-6cc5-4c3c-9a65-bd7af392be92",
                            "828eef6e-226a-4bfa-aad3-0221f09ab21a"
                          ],
                          "failures": [],
                          "pending": [],
                          "skipped": [],
                          "duration": 2462,
                          "root": false,
                          "rootEmpty": false,
                          "_timeout": 2000
                        },
                        {
                          "uuid": "56a3357c-cea9-4ceb-9aaf-099a836f0cd7",
                          "title": "Add Numeric Field and Fill Values",
                          "fullFile": "",
                          "file": "",
                          "beforeHooks": [],
                          "afterHooks": [],
                          "tests": [
                            {
                              "title": "add field on DataLayout",
                              "fullTitle": "Object run FormView pipeline AppBuilder - FormView Sidebar Right Add Numeric Field and Fill Values add field on DataLayout",
                              "timedOut": null,
                              "duration": 246,
                              "state": "passed",
                              "speed": "slow",
                              "pass": true,
                              "fail": false,
                              "pending": false,
                              "context": null,
                              "code": "cy.get(\"[data-field-type-name=\\\"\".concat(type, \"\\\"]\")).dblclick();\ncy.get('div[data-field-name=\"label\"] input').should('have.value', name);",
                              "err": {},
                              "uuid": "b63f8053-e178-4751-9c9e-ceb4e22d0be2",
                              "parentUUID": "56a3357c-cea9-4ceb-9aaf-099a836f0cd7",
                              "isHook": false,
                              "skipped": false
                            },
                            {
                              "title": "Typing [School Grade] on [Label]",
                              "fullTitle": "Object run FormView pipeline AppBuilder - FormView Sidebar Right Add Numeric Field and Fill Values Typing [School Grade] on [Label]",
                              "timedOut": null,
                              "duration": 498,
                              "state": "passed",
                              "speed": "slow",
                              "pass": true,
                              "fail": false,
                              "pending": false,
                              "context": null,
                              "code": "cy.get(\"\".concat(ddmLabel, \" input\")).should('have.value', field.name).clear().type(label).should('have.value', label);",
                              "err": {},
                              "uuid": "9ef7abf6-8006-45eb-8467-ceb4217086d2",
                              "parentUUID": "56a3357c-cea9-4ceb-9aaf-099a836f0cd7",
                              "isHook": false,
                              "skipped": false
                            },
                            {
                              "title": "Typing [Student Grade] on [help]",
                              "fullTitle": "Object run FormView pipeline AppBuilder - FormView Sidebar Right Add Numeric Field and Fill Values Typing [Student Grade] on [help]",
                              "timedOut": null,
                              "duration": 499,
                              "state": "passed",
                              "speed": "slow",
                              "pass": true,
                              "fail": false,
                              "pending": false,
                              "context": null,
                              "code": "cy.get(\"\".concat(selector, \" input\")).should('not.have.value').type(value).should('have.value', value);",
                              "err": {},
                              "uuid": "e4e43569-4a3f-49bd-b604-91ddffba5376",
                              "parentUUID": "56a3357c-cea9-4ceb-9aaf-099a836f0cd7",
                              "isHook": false,
                              "skipped": false
                            },
                            {
                              "title": "Mark [required] as [checked]",
                              "fullTitle": "Object run FormView pipeline AppBuilder - FormView Sidebar Right Add Numeric Field and Fill Values Mark [required] as [checked]",
                              "timedOut": null,
                              "duration": 300,
                              "state": "passed",
                              "speed": "slow",
                              "pass": true,
                              "fail": false,
                              "pending": false,
                              "context": null,
                              "code": "cy.get(\"\".concat(selector, \" input\")).should('not.be.checked').check().should('be.checked');",
                              "err": {},
                              "uuid": "674b6f08-cf5f-418d-afb7-914d2bd380fc",
                              "parentUUID": "56a3357c-cea9-4ceb-9aaf-099a836f0cd7",
                              "isHook": false,
                              "skipped": false
                            },
                            {
                              "title": "Changing tab",
                              "fullTitle": "Object run FormView pipeline AppBuilder - FormView Sidebar Right Add Numeric Field and Fill Values Changing tab",
                              "timedOut": null,
                              "duration": 308,
                              "state": "passed",
                              "speed": "slow",
                              "pass": true,
                              "fail": false,
                              "pending": false,
                              "context": null,
                              "code": "cy.get('.component-tbar.ddm-form-tabs.tbar li').eq(index).click();",
                              "err": {},
                              "uuid": "17eb532d-f567-42b0-9072-8165041bb116",
                              "parentUUID": "56a3357c-cea9-4ceb-9aaf-099a836f0cd7",
                              "isHook": false,
                              "skipped": false
                            },
                            {
                              "title": "Mark [repeatable] as [checked]",
                              "fullTitle": "Object run FormView pipeline AppBuilder - FormView Sidebar Right Add Numeric Field and Fill Values Mark [repeatable] as [checked]",
                              "timedOut": null,
                              "duration": 297,
                              "state": "passed",
                              "speed": "slow",
                              "pass": true,
                              "fail": false,
                              "pending": false,
                              "context": null,
                              "code": "cy.get(\"\".concat(selector, \" input\")).should('not.be.checked').check().should('be.checked');",
                              "err": {},
                              "uuid": "e18ae8a2-0047-4dcd-9776-ea8fffbe4dce",
                              "parentUUID": "56a3357c-cea9-4ceb-9aaf-099a836f0cd7",
                              "isHook": false,
                              "skipped": false
                            },
                            {
                              "title": "Dispose",
                              "fullTitle": "Object run FormView pipeline AppBuilder - FormView Sidebar Right Add Numeric Field and Fill Values Dispose",
                              "timedOut": null,
                              "duration": 263,
                              "state": "passed",
                              "speed": "slow",
                              "pass": true,
                              "fail": false,
                              "pending": false,
                              "context": null,
                              "code": "cy.get('.sidebar-header button').eq(0).click();",
                              "err": {},
                              "uuid": "d7b08e17-2ac8-4949-95f2-2bacc09b3689",
                              "parentUUID": "56a3357c-cea9-4ceb-9aaf-099a836f0cd7",
                              "isHook": false,
                              "skipped": false
                            }
                          ],
                          "suites": [],
                          "passes": [
                            "b63f8053-e178-4751-9c9e-ceb4e22d0be2",
                            "9ef7abf6-8006-45eb-8467-ceb4217086d2",
                            "e4e43569-4a3f-49bd-b604-91ddffba5376",
                            "674b6f08-cf5f-418d-afb7-914d2bd380fc",
                            "17eb532d-f567-42b0-9072-8165041bb116",
                            "e18ae8a2-0047-4dcd-9776-ea8fffbe4dce",
                            "d7b08e17-2ac8-4949-95f2-2bacc09b3689"
                          ],
                          "failures": [],
                          "pending": [],
                          "skipped": [],
                          "duration": 2411,
                          "root": false,
                          "rootEmpty": false,
                          "_timeout": 2000
                        },
                        {
                          "uuid": "e7d52d4b-dc34-4c0e-92fa-6e66012ef2d6",
                          "title": "Add Upload Field and Fill Values",
                          "fullFile": "",
                          "file": "",
                          "beforeHooks": [],
                          "afterHooks": [],
                          "tests": [
                            {
                              "title": "add field on DataLayout",
                              "fullTitle": "Object run FormView pipeline AppBuilder - FormView Sidebar Right Add Upload Field and Fill Values add field on DataLayout",
                              "timedOut": null,
                              "duration": 265,
                              "state": "passed",
                              "speed": "slow",
                              "pass": true,
                              "fail": false,
                              "pending": false,
                              "context": null,
                              "code": "cy.get(\"[data-field-type-name=\\\"\".concat(type, \"\\\"]\")).dblclick();\ncy.get('div[data-field-name=\"label\"] input').should('have.value', name);",
                              "err": {},
                              "uuid": "ba0b72d3-804c-41af-a237-49880e802c87",
                              "parentUUID": "e7d52d4b-dc34-4c0e-92fa-6e66012ef2d6",
                              "isHook": false,
                              "skipped": false
                            },
                            {
                              "title": "Changing tab",
                              "fullTitle": "Object run FormView pipeline AppBuilder - FormView Sidebar Right Add Upload Field and Fill Values Changing tab",
                              "timedOut": null,
                              "duration": 283,
                              "state": "passed",
                              "speed": "slow",
                              "pass": true,
                              "fail": false,
                              "pending": false,
                              "context": null,
                              "code": "cy.get('.component-tbar.ddm-form-tabs.tbar li').eq(index).click();",
                              "err": {},
                              "uuid": "b2d797c4-6efd-49ce-a770-e1486906883b",
                              "parentUUID": "e7d52d4b-dc34-4c0e-92fa-6e66012ef2d6",
                              "isHook": false,
                              "skipped": false
                            },
                            {
                              "title": "Dispose",
                              "fullTitle": "Object run FormView pipeline AppBuilder - FormView Sidebar Right Add Upload Field and Fill Values Dispose",
                              "timedOut": null,
                              "duration": 253,
                              "state": "passed",
                              "speed": "slow",
                              "pass": true,
                              "fail": false,
                              "pending": false,
                              "context": null,
                              "code": "cy.get('.sidebar-header button').eq(0).click();",
                              "err": {},
                              "uuid": "31e5dd08-7bff-4e05-a628-f59907f5512c",
                              "parentUUID": "e7d52d4b-dc34-4c0e-92fa-6e66012ef2d6",
                              "isHook": false,
                              "skipped": false
                            }
                          ],
                          "suites": [],
                          "passes": [
                            "ba0b72d3-804c-41af-a237-49880e802c87",
                            "b2d797c4-6efd-49ce-a770-e1486906883b",
                            "31e5dd08-7bff-4e05-a628-f59907f5512c"
                          ],
                          "failures": [],
                          "pending": [],
                          "skipped": [],
                          "duration": 801,
                          "root": false,
                          "rootEmpty": false,
                          "_timeout": 2000
                        }
                      ],
                      "passes": [
                        "9a449840-317b-425b-841f-2e6656dec70b"
                      ],
                      "failures": [],
                      "pending": [],
                      "skipped": [],
                      "duration": 483,
                      "root": false,
                      "rootEmpty": false,
                      "_timeout": 2000
                    }
                  ],
                  "passes": [
                    "628ea616-fd0a-4317-809f-fb746ad8a191",
                    "f1169245-1c02-477a-b2bb-6c86b5a9818c"
                  ],
                  "failures": [],
                  "pending": [],
                  "skipped": [],
                  "duration": 7343,
                  "root": false,
                  "rootEmpty": false,
                  "_timeout": 2000
                }
              ],
              "passes": [],
              "failures": [],
              "pending": [],
              "skipped": [],
              "duration": 0,
              "root": false,
              "rootEmpty": false,
              "_timeout": 2000
            }
          ],
          "passes": [
            "5cab3cd8-4d06-41b2-b156-d83b6c5c365f",
            "ed4f7aa1-e709-4e34-afa7-ee129d78970f",
            "5fdcd1ce-15b3-4782-8651-81de6943099a"
          ],
          "failures": [],
          "pending": [],
          "skipped": [],
          "duration": 4714,
          "root": false,
          "rootEmpty": false,
          "_timeout": 2000
        }
      ],
      "passes": [],
      "failures": [],
      "pending": [],
      "skipped": [],
      "duration": 0,
      "root": true,
      "rootEmpty": true,
      "_timeout": 2000
    }
  ],
  "meta": {
    "mocha": {
      "version": "7.0.1"
    },
    "mochawesome": {
      "options": {
        "quiet": false,
        "reportFilename": "mochawesome",
        "saveHtml": false,
        "saveJson": true,
        "consoleReporter": "spec",
        "useInlineDiffs": false,
        "code": true
      },
      "version": "6.1.1"
    },
    "marge": {
      "options": {
        "reportDir": "cypress/results",
        "overwrite": false,
        "html": false,
        "json": true
      },
      "version": "5.1.0"
    }
  }
}